{"/Users/a..../Documents/Capstone-Project/skills-assess-backend/server.js": {"path":"/Users/a..../Documents/Capstone-Project/skills-assess-backend/server.js","statementMap":{"0":{"start":{"line":1,"column":16},"end":{"line":1,"column":34}},"1":{"start":{"line":2,"column":13},"end":{"line":2,"column":28}},"2":{"start":{"line":3,"column":0},"end":{"line":3,"column":27}},"3":{"start":{"line":4,"column":15},"end":{"line":4,"column":32}},"4":{"start":{"line":5,"column":23},"end":{"line":5,"column":51}},"5":{"start":{"line":6,"column":13},"end":{"line":6,"column":37}},"6":{"start":{"line":7,"column":22},"end":{"line":7,"column":55}},"7":{"start":{"line":8,"column":19},"end":{"line":8,"column":43}},"8":{"start":{"line":9,"column":13},"end":{"line":9,"column":28}},"9":{"start":{"line":10,"column":19},"end":{"line":10,"column":41}},"10":{"start":{"line":11,"column":12},"end":{"line":11,"column":21}},"11":{"start":{"line":12,"column":12},"end":{"line":12,"column":35}},"12":{"start":{"line":13,"column":19},"end":{"line":13,"column":41}},"13":{"start":{"line":14,"column":29},"end":{"line":14,"column":69}},"14":{"start":{"line":16,"column":32},"end":{"line":16,"column":58}},"15":{"start":{"line":19,"column":20},"end":{"line":26,"column":2}},"16":{"start":{"line":21,"column":4},"end":{"line":21,"column":30}},"17":{"start":{"line":24,"column":4},"end":{"line":24,"column":69}},"18":{"start":{"line":28,"column":24},"end":{"line":38,"column":2}},"19":{"start":{"line":32,"column":4},"end":{"line":36,"column":5}},"20":{"start":{"line":33,"column":6},"end":{"line":33,"column":21}},"21":{"start":{"line":35,"column":6},"end":{"line":35,"column":71}},"22":{"start":{"line":42,"column":0},"end":{"line":42,"column":16}},"23":{"start":{"line":43,"column":0},"end":{"line":43,"column":24}},"24":{"start":{"line":44,"column":0},"end":{"line":44,"column":27}},"25":{"start":{"line":45,"column":0},"end":{"line":45,"column":69}},"26":{"start":{"line":46,"column":0},"end":{"line":46,"column":49}},"27":{"start":{"line":47,"column":0},"end":{"line":47,"column":40}},"28":{"start":{"line":48,"column":0},"end":{"line":48,"column":28}},"29":{"start":{"line":49,"column":0},"end":{"line":49,"column":20}},"30":{"start":{"line":52,"column":0},"end":{"line":54,"column":3}},"31":{"start":{"line":53,"column":2},"end":{"line":53,"column":42}},"32":{"start":{"line":57,"column":19},"end":{"line":57,"column":43}},"33":{"start":{"line":58,"column":0},"end":{"line":58,"column":29}},"34":{"start":{"line":60,"column":0},"end":{"line":60,"column":55}},"35":{"start":{"line":61,"column":0},"end":{"line":61,"column":41}},"36":{"start":{"line":64,"column":25},"end":{"line":64,"column":61}},"37":{"start":{"line":65,"column":0},"end":{"line":65,"column":46}},"38":{"start":{"line":67,"column":0},"end":{"line":77,"column":3}},"39":{"start":{"line":68,"column":2},"end":{"line":76,"column":3}},"40":{"start":{"line":69,"column":26},"end":{"line":71,"column":41}},"41":{"start":{"line":72,"column":4},"end":{"line":72,"column":26}},"42":{"start":{"line":74,"column":24},"end":{"line":74,"column":113}},"43":{"start":{"line":75,"column":4},"end":{"line":75,"column":67}},"44":{"start":{"line":79,"column":0},"end":{"line":112,"column":2}},"45":{"start":{"line":83,"column":29},"end":{"line":83,"column":39}},"46":{"start":{"line":84,"column":37},"end":{"line":84,"column":45}},"47":{"start":{"line":89,"column":18},"end":{"line":92,"column":3}},"48":{"start":{"line":94,"column":4},"end":{"line":110,"column":7}},"49":{"start":{"line":95,"column":6},"end":{"line":100,"column":7}},"50":{"start":{"line":96,"column":28},"end":{"line":96,"column":120}},"51":{"start":{"line":97,"column":8},"end":{"line":99,"column":63}},"52":{"start":{"line":102,"column":6},"end":{"line":109,"column":9}},"53":{"start":{"line":114,"column":0},"end":{"line":114,"column":40}},"54":{"start":{"line":116,"column":0},"end":{"line":126,"column":3}},"55":{"start":{"line":117,"column":2},"end":{"line":125,"column":3}},"56":{"start":{"line":118,"column":17},"end":{"line":118,"column":69}},"57":{"start":{"line":119,"column":4},"end":{"line":121,"column":5}},"58":{"start":{"line":120,"column":6},"end":{"line":120,"column":65}},"59":{"start":{"line":122,"column":4},"end":{"line":122,"column":19}},"60":{"start":{"line":124,"column":4},"end":{"line":124,"column":54}},"61":{"start":{"line":128,"column":0},"end":{"line":138,"column":3}},"62":{"start":{"line":129,"column":17},"end":{"line":129,"column":27}},"63":{"start":{"line":130,"column":19},"end":{"line":133,"column":3}},"64":{"start":{"line":134,"column":2},"end":{"line":136,"column":3}},"65":{"start":{"line":135,"column":4},"end":{"line":135,"column":65}},"66":{"start":{"line":137,"column":2},"end":{"line":137,"column":19}},"67":{"start":{"line":140,"column":0},"end":{"line":155,"column":3}},"68":{"start":{"line":141,"column":17},"end":{"line":141,"column":27}},"69":{"start":{"line":142,"column":2},"end":{"line":154,"column":3}},"70":{"start":{"line":143,"column":19},"end":{"line":146,"column":5}},"71":{"start":{"line":147,"column":4},"end":{"line":149,"column":5}},"72":{"start":{"line":148,"column":6},"end":{"line":148,"column":78}},"73":{"start":{"line":150,"column":4},"end":{"line":150,"column":21}},"74":{"start":{"line":152,"column":24},"end":{"line":152,"column":121}},"75":{"start":{"line":153,"column":4},"end":{"line":153,"column":63}},"76":{"start":{"line":157,"column":0},"end":{"line":169,"column":3}},"77":{"start":{"line":158,"column":17},"end":{"line":158,"column":27}},"78":{"start":{"line":159,"column":2},"end":{"line":168,"column":3}},"79":{"start":{"line":160,"column":19},"end":{"line":163,"column":5}},"80":{"start":{"line":164,"column":4},"end":{"line":164,"column":54}},"81":{"start":{"line":164,"column":34},"end":{"line":164,"column":51}},"82":{"start":{"line":166,"column":24},"end":{"line":166,"column":122}},"83":{"start":{"line":167,"column":4},"end":{"line":167,"column":63}},"84":{"start":{"line":171,"column":0},"end":{"line":188,"column":3}},"85":{"start":{"line":172,"column":23},"end":{"line":172,"column":33}},"86":{"start":{"line":173,"column":2},"end":{"line":187,"column":3}},"87":{"start":{"line":174,"column":19},"end":{"line":177,"column":5}},"88":{"start":{"line":178,"column":4},"end":{"line":182,"column":5}},"89":{"start":{"line":179,"column":6},"end":{"line":181,"column":72}},"90":{"start":{"line":183,"column":4},"end":{"line":183,"column":21}},"91":{"start":{"line":185,"column":24},"end":{"line":185,"column":130}},"92":{"start":{"line":186,"column":4},"end":{"line":186,"column":63}},"93":{"start":{"line":190,"column":0},"end":{"line":204,"column":3}},"94":{"start":{"line":191,"column":17},"end":{"line":191,"column":27}},"95":{"start":{"line":192,"column":2},"end":{"line":203,"column":3}},"96":{"start":{"line":193,"column":21},"end":{"line":193,"column":54}},"97":{"start":{"line":194,"column":4},"end":{"line":199,"column":7}},"98":{"start":{"line":195,"column":6},"end":{"line":198,"column":7}},"99":{"start":{"line":196,"column":28},"end":{"line":196,"column":115}},"100":{"start":{"line":197,"column":8},"end":{"line":197,"column":70}},"101":{"start":{"line":201,"column":24},"end":{"line":201,"column":115}},"102":{"start":{"line":202,"column":4},"end":{"line":202,"column":63}},"103":{"start":{"line":206,"column":0},"end":{"line":222,"column":3}},"104":{"start":{"line":207,"column":28},"end":{"line":207,"column":38}},"105":{"start":{"line":208,"column":2},"end":{"line":221,"column":3}},"106":{"start":{"line":209,"column":21},"end":{"line":211,"column":24}},"107":{"start":{"line":212,"column":4},"end":{"line":217,"column":7}},"108":{"start":{"line":213,"column":6},"end":{"line":216,"column":7}},"109":{"start":{"line":214,"column":28},"end":{"line":214,"column":121}},"110":{"start":{"line":215,"column":8},"end":{"line":215,"column":76}},"111":{"start":{"line":219,"column":24},"end":{"line":219,"column":116}},"112":{"start":{"line":220,"column":4},"end":{"line":220,"column":63}},"113":{"start":{"line":224,"column":0},"end":{"line":240,"column":3}},"114":{"start":{"line":225,"column":2},"end":{"line":239,"column":3}},"115":{"start":{"line":226,"column":36},"end":{"line":226,"column":45}},"116":{"start":{"line":227,"column":19},"end":{"line":227,"column":37}},"117":{"start":{"line":230,"column":21},"end":{"line":233,"column":5}},"118":{"start":{"line":235,"column":4},"end":{"line":235,"column":25}},"119":{"start":{"line":237,"column":24},"end":{"line":237,"column":110}},"120":{"start":{"line":238,"column":4},"end":{"line":238,"column":63}},"121":{"start":{"line":244,"column":21},"end":{"line":244,"column":46}},"122":{"start":{"line":246,"column":2},"end":{"line":249,"column":3}},"123":{"start":{"line":247,"column":24},"end":{"line":247,"column":110}},"124":{"start":{"line":248,"column":4},"end":{"line":248,"column":59}},"125":{"start":{"line":251,"column":16},"end":{"line":251,"column":40}},"126":{"start":{"line":252,"column":22},"end":{"line":252,"column":123}},"127":{"start":{"line":254,"column":2},"end":{"line":273,"column":3}},"128":{"start":{"line":256,"column":24},"end":{"line":261,"column":6}},"129":{"start":{"line":263,"column":20},"end":{"line":263,"column":61}},"130":{"start":{"line":264,"column":24},"end":{"line":267,"column":6}},"131":{"start":{"line":268,"column":4},"end":{"line":268,"column":23}},"132":{"start":{"line":269,"column":4},"end":{"line":269,"column":11}},"133":{"start":{"line":271,"column":24},"end":{"line":271,"column":120}},"134":{"start":{"line":272,"column":4},"end":{"line":272,"column":60}},"135":{"start":{"line":276,"column":13},"end":{"line":276,"column":37}},"136":{"start":{"line":277,"column":0},"end":{"line":277,"column":129}},"137":{"start":{"line":277,"column":43},"end":{"line":277,"column":127}},"138":{"start":{"line":284,"column":85},"end":{"line":284,"column":39938}},"139":{"start":{"line":284,"column":89},"end":{"line":284,"column":39927}}},"fnMap":{"0":{"name":"(anonymous_0)","decl":{"start":{"line":20,"column":15},"end":{"line":20,"column":16}},"loc":{"start":{"line":20,"column":34},"end":{"line":22,"column":3}},"line":20},"1":{"name":"(anonymous_1)","decl":{"start":{"line":23,"column":12},"end":{"line":23,"column":13}},"loc":{"start":{"line":23,"column":31},"end":{"line":25,"column":3}},"line":23},"2":{"name":"(anonymous_2)","decl":{"start":{"line":31,"column":14},"end":{"line":31,"column":15}},"loc":{"start":{"line":31,"column":33},"end":{"line":37,"column":3}},"line":31},"3":{"name":"(anonymous_3)","decl":{"start":{"line":52,"column":21},"end":{"line":52,"column":22}},"loc":{"start":{"line":52,"column":35},"end":{"line":54,"column":1}},"line":52},"4":{"name":"(anonymous_4)","decl":{"start":{"line":67,"column":28},"end":{"line":67,"column":29}},"loc":{"start":{"line":67,"column":48},"end":{"line":77,"column":1}},"line":67},"5":{"name":"(anonymous_5)","decl":{"start":{"line":82,"column":2},"end":{"line":82,"column":3}},"loc":{"start":{"line":82,"column":16},"end":{"line":111,"column":3}},"line":82},"6":{"name":"(anonymous_6)","decl":{"start":{"line":94,"column":59},"end":{"line":94,"column":60}},"loc":{"start":{"line":94,"column":77},"end":{"line":110,"column":5}},"line":94},"7":{"name":"(anonymous_7)","decl":{"start":{"line":116,"column":42},"end":{"line":116,"column":43}},"loc":{"start":{"line":116,"column":62},"end":{"line":126,"column":1}},"line":116},"8":{"name":"(anonymous_8)","decl":{"start":{"line":128,"column":38},"end":{"line":128,"column":39}},"loc":{"start":{"line":128,"column":58},"end":{"line":138,"column":1}},"line":128},"9":{"name":"(anonymous_9)","decl":{"start":{"line":140,"column":38},"end":{"line":140,"column":39}},"loc":{"start":{"line":140,"column":58},"end":{"line":155,"column":1}},"line":140},"10":{"name":"(anonymous_10)","decl":{"start":{"line":157,"column":39},"end":{"line":157,"column":40}},"loc":{"start":{"line":157,"column":59},"end":{"line":169,"column":1}},"line":157},"11":{"name":"(anonymous_11)","decl":{"start":{"line":164,"column":24},"end":{"line":164,"column":25}},"loc":{"start":{"line":164,"column":34},"end":{"line":164,"column":51}},"line":164},"12":{"name":"(anonymous_12)","decl":{"start":{"line":171,"column":44},"end":{"line":171,"column":45}},"loc":{"start":{"line":171,"column":64},"end":{"line":188,"column":1}},"line":171},"13":{"name":"(anonymous_13)","decl":{"start":{"line":190,"column":41},"end":{"line":190,"column":42}},"loc":{"start":{"line":190,"column":61},"end":{"line":204,"column":1}},"line":190},"14":{"name":"(anonymous_14)","decl":{"start":{"line":194,"column":58},"end":{"line":194,"column":59}},"loc":{"start":{"line":194,"column":67},"end":{"line":199,"column":5}},"line":194},"15":{"name":"(anonymous_15)","decl":{"start":{"line":206,"column":53},"end":{"line":206,"column":54}},"loc":{"start":{"line":206,"column":73},"end":{"line":222,"column":1}},"line":206},"16":{"name":"(anonymous_16)","decl":{"start":{"line":212,"column":66},"end":{"line":212,"column":67}},"loc":{"start":{"line":212,"column":75},"end":{"line":217,"column":5}},"line":212},"17":{"name":"(anonymous_17)","decl":{"start":{"line":224,"column":27},"end":{"line":224,"column":28}},"loc":{"start":{"line":224,"column":47},"end":{"line":240,"column":1}},"line":224},"18":{"name":"authenticateUser","decl":{"start":{"line":243,"column":9},"end":{"line":243,"column":25}},"loc":{"start":{"line":243,"column":42},"end":{"line":274,"column":1}},"line":243},"19":{"name":"(anonymous_19)","decl":{"start":{"line":277,"column":17},"end":{"line":277,"column":18}},"loc":{"start":{"line":277,"column":43},"end":{"line":277,"column":127}},"line":277},"20":{"name":"oo_cm","decl":{"start":{"line":284,"column":77},"end":{"line":284,"column":82}},"loc":{"start":{"line":284,"column":84},"end":{"line":284,"column":39939}},"line":284}},"branchMap":{"0":{"loc":{"start":{"line":32,"column":4},"end":{"line":36,"column":5}},"type":"if","locations":[{"start":{"line":32,"column":4},"end":{"line":36,"column":5}},{"start":{"line":34,"column":11},"end":{"line":36,"column":5}}],"line":32},"1":{"loc":{"start":{"line":95,"column":6},"end":{"line":100,"column":7}},"type":"if","locations":[{"start":{"line":95,"column":6},"end":{"line":100,"column":7}},{"start":{},"end":{}}],"line":95},"2":{"loc":{"start":{"line":119,"column":4},"end":{"line":121,"column":5}},"type":"if","locations":[{"start":{"line":119,"column":4},"end":{"line":121,"column":5}},{"start":{},"end":{}}],"line":119},"3":{"loc":{"start":{"line":134,"column":2},"end":{"line":136,"column":3}},"type":"if","locations":[{"start":{"line":134,"column":2},"end":{"line":136,"column":3}},{"start":{},"end":{}}],"line":134},"4":{"loc":{"start":{"line":147,"column":4},"end":{"line":149,"column":5}},"type":"if","locations":[{"start":{"line":147,"column":4},"end":{"line":149,"column":5}},{"start":{},"end":{}}],"line":147},"5":{"loc":{"start":{"line":178,"column":4},"end":{"line":182,"column":5}},"type":"if","locations":[{"start":{"line":178,"column":4},"end":{"line":182,"column":5}},{"start":{},"end":{}}],"line":178},"6":{"loc":{"start":{"line":195,"column":6},"end":{"line":198,"column":7}},"type":"if","locations":[{"start":{"line":195,"column":6},"end":{"line":198,"column":7}},{"start":{},"end":{}}],"line":195},"7":{"loc":{"start":{"line":213,"column":6},"end":{"line":216,"column":7}},"type":"if","locations":[{"start":{"line":213,"column":6},"end":{"line":216,"column":7}},{"start":{},"end":{}}],"line":213},"8":{"loc":{"start":{"line":226,"column":12},"end":{"line":226,"column":20}},"type":"default-arg","locations":[{"start":{"line":226,"column":19},"end":{"line":226,"column":20}}],"line":226},"9":{"loc":{"start":{"line":226,"column":22},"end":{"line":226,"column":31}},"type":"default-arg","locations":[{"start":{"line":226,"column":30},"end":{"line":226,"column":31}}],"line":226},"10":{"loc":{"start":{"line":246,"column":2},"end":{"line":249,"column":3}},"type":"if","locations":[{"start":{"line":246,"column":2},"end":{"line":249,"column":3}},{"start":{},"end":{}}],"line":246},"11":{"loc":{"start":{"line":246,"column":6},"end":{"line":246,"column":54}},"type":"binary-expr","locations":[{"start":{"line":246,"column":6},"end":{"line":246,"column":17}},{"start":{"line":246,"column":21},"end":{"line":246,"column":54}}],"line":246},"12":{"loc":{"start":{"line":258,"column":6},"end":{"line":260,"column":23}},"type":"cond-expr","locations":[{"start":{"line":259,"column":10},"end":{"line":259,"column":56}},{"start":{"line":260,"column":10},"end":{"line":260,"column":23}}],"line":258},"13":{"loc":{"start":{"line":266,"column":6},"end":{"line":266,"column":29}},"type":"binary-expr","locations":[{"start":{"line":266,"column":6},"end":{"line":266,"column":16}},{"start":{"line":266,"column":20},"end":{"line":266,"column":29}}],"line":266},"14":{"loc":{"start":{"line":276,"column":13},"end":{"line":276,"column":37}},"type":"binary-expr","locations":[{"start":{"line":276,"column":13},"end":{"line":276,"column":29}},{"start":{"line":276,"column":33},"end":{"line":276,"column":37}}],"line":276},"15":{"loc":{"start":{"line":284,"column":96},"end":{"line":284,"column":39926}},"type":"binary-expr","locations":[{"start":{"line":284,"column":96},"end":{"line":284,"column":133}},{"start":{"line":284,"column":137},"end":{"line":284,"column":39926}}],"line":284}},"s":{"0":1,"1":1,"2":1,"3":1,"4":1,"5":1,"6":1,"7":1,"8":1,"9":1,"10":1,"11":1,"12":1,"13":1,"14":1,"15":1,"16":0,"17":0,"18":1,"19":0,"20":0,"21":0,"22":1,"23":1,"24":1,"25":1,"26":1,"27":1,"28":1,"29":1,"30":1,"31":0,"32":1,"33":1,"34":1,"35":1,"36":1,"37":1,"38":1,"39":0,"40":0,"41":0,"42":0,"43":0,"44":1,"45":0,"46":0,"47":0,"48":0,"49":0,"50":0,"51":0,"52":0,"53":1,"54":1,"55":0,"56":0,"57":0,"58":0,"59":0,"60":0,"61":1,"62":0,"63":0,"64":0,"65":0,"66":0,"67":1,"68":0,"69":0,"70":0,"71":0,"72":0,"73":0,"74":0,"75":0,"76":1,"77":0,"78":0,"79":0,"80":0,"81":0,"82":0,"83":0,"84":1,"85":0,"86":0,"87":0,"88":0,"89":0,"90":0,"91":0,"92":0,"93":1,"94":0,"95":0,"96":0,"97":0,"98":0,"99":0,"100":0,"101":0,"102":0,"103":1,"104":0,"105":0,"106":0,"107":0,"108":0,"109":0,"110":0,"111":0,"112":0,"113":1,"114":0,"115":0,"116":0,"117":0,"118":0,"119":0,"120":0,"121":0,"122":0,"123":0,"124":0,"125":0,"126":0,"127":0,"128":0,"129":0,"130":0,"131":0,"132":0,"133":0,"134":0,"135":1,"136":1,"137":0,"138":0,"139":0},"f":{"0":0,"1":0,"2":0,"3":0,"4":0,"5":0,"6":0,"7":0,"8":0,"9":0,"10":0,"11":0,"12":0,"13":0,"14":0,"15":0,"16":0,"17":0,"18":0,"19":0,"20":0},"b":{"0":[0,0],"1":[0,0],"2":[0,0],"3":[0,0],"4":[0,0],"5":[0,0],"6":[0,0],"7":[0,0],"8":[0],"9":[0],"10":[0,0],"11":[0,0],"12":[0,0],"13":[0,0],"14":[1,1],"15":[0,0]},"_coverageSchema":"1a1c01bbd47fc00a2c39e90264f33305004495a9","hash":"cd3d364c46463d94ed4fc1286be0c28c487d4c81"}
,"/Users/a..../Documents/Capstone-Project/skills-assess-backend/config/db.js": {"path":"/Users/a..../Documents/Capstone-Project/skills-assess-backend/config/db.js","statementMap":{"0":{"start":{"line":1,"column":14},"end":{"line":1,"column":39}},"1":{"start":{"line":2,"column":0},"end":{"line":2,"column":27}},"2":{"start":{"line":4,"column":13},"end":{"line":12,"column":2}},"3":{"start":{"line":14,"column":0},"end":{"line":16,"column":124}},"4":{"start":{"line":15,"column":34},"end":{"line":15,"column":117}},"5":{"start":{"line":16,"column":36},"end":{"line":16,"column":122}},"6":{"start":{"line":18,"column":0},"end":{"line":18,"column":22}},"7":{"start":{"line":25,"column":85},"end":{"line":25,"column":39938}},"8":{"start":{"line":25,"column":89},"end":{"line":25,"column":39927}}},"fnMap":{"0":{"name":"(anonymous_0)","decl":{"start":{"line":15,"column":8},"end":{"line":15,"column":9}},"loc":{"start":{"line":15,"column":34},"end":{"line":15,"column":117}},"line":15},"1":{"name":"(anonymous_1)","decl":{"start":{"line":16,"column":9},"end":{"line":16,"column":10}},"loc":{"start":{"line":16,"column":36},"end":{"line":16,"column":122}},"line":16},"2":{"name":"oo_cm","decl":{"start":{"line":25,"column":77},"end":{"line":25,"column":82}},"loc":{"start":{"line":25,"column":84},"end":{"line":25,"column":39939}},"line":25}},"branchMap":{"0":{"loc":{"start":{"line":5,"column":8},"end":{"line":5,"column":42}},"type":"binary-expr","locations":[{"start":{"line":5,"column":8},"end":{"line":5,"column":27}},{"start":{"line":5,"column":31},"end":{"line":5,"column":42}}],"line":5},"1":{"loc":{"start":{"line":6,"column":8},"end":{"line":6,"column":37}},"type":"binary-expr","locations":[{"start":{"line":6,"column":8},"end":{"line":6,"column":27}},{"start":{"line":6,"column":31},"end":{"line":6,"column":37}}],"line":6},"2":{"loc":{"start":{"line":7,"column":12},"end":{"line":7,"column":53}},"type":"binary-expr","locations":[{"start":{"line":7,"column":12},"end":{"line":7,"column":35}},{"start":{"line":7,"column":39},"end":{"line":7,"column":53}}],"line":7},"3":{"loc":{"start":{"line":8,"column":12},"end":{"line":8,"column":48}},"type":"binary-expr","locations":[{"start":{"line":8,"column":12},"end":{"line":8,"column":31}},{"start":{"line":8,"column":35},"end":{"line":8,"column":48}}],"line":8},"4":{"loc":{"start":{"line":25,"column":96},"end":{"line":25,"column":39926}},"type":"binary-expr","locations":[{"start":{"line":25,"column":96},"end":{"line":25,"column":133}},{"start":{"line":25,"column":137},"end":{"line":25,"column":39926}}],"line":25}},"s":{"0":1,"1":1,"2":1,"3":1,"4":0,"5":0,"6":1,"7":0,"8":0},"f":{"0":0,"1":0,"2":0},"b":{"0":[1,1],"1":[1,1],"2":[1,1],"3":[1,1],"4":[0,0]},"_coverageSchema":"1a1c01bbd47fc00a2c39e90264f33305004495a9","hash":"a1682d4deacdb6245d3f2ff9cf6bab2fc513ef0b"}
,"/Users/a..../Documents/Capstone-Project/skills-assess-backend/controllers/assessmentController.js": {"path":"/Users/a..../Documents/Capstone-Project/skills-assess-backend/controllers/assessmentController.js","statementMap":{"0":{"start":{"line":1,"column":11},"end":{"line":1,"column":34}},"1":{"start":{"line":4,"column":26},"end":{"line":14,"column":1}},"2":{"start":{"line":5,"column":2},"end":{"line":13,"column":3}},"3":{"start":{"line":6,"column":26},"end":{"line":6,"column":69}},"4":{"start":{"line":9,"column":4},"end":{"line":9,"column":52}},"5":{"start":{"line":11,"column":24},"end":{"line":11,"column":112}},"6":{"start":{"line":12,"column":4},"end":{"line":12,"column":63}},"7":{"start":{"line":16,"column":0},"end":{"line":16,"column":39}},"8":{"start":{"line":23,"column":85},"end":{"line":23,"column":39938}},"9":{"start":{"line":23,"column":89},"end":{"line":23,"column":39927}}},"fnMap":{"0":{"name":"(anonymous_0)","decl":{"start":{"line":4,"column":26},"end":{"line":4,"column":27}},"loc":{"start":{"line":4,"column":46},"end":{"line":14,"column":1}},"line":4},"1":{"name":"oo_cm","decl":{"start":{"line":23,"column":77},"end":{"line":23,"column":82}},"loc":{"start":{"line":23,"column":84},"end":{"line":23,"column":39939}},"line":23}},"branchMap":{"0":{"loc":{"start":{"line":9,"column":13},"end":{"line":9,"column":50}},"type":"cond-expr","locations":[{"start":{"line":9,"column":34},"end":{"line":9,"column":45}},{"start":{"line":9,"column":48},"end":{"line":9,"column":50}}],"line":9},"1":{"loc":{"start":{"line":23,"column":96},"end":{"line":23,"column":39926}},"type":"binary-expr","locations":[{"start":{"line":23,"column":96},"end":{"line":23,"column":133}},{"start":{"line":23,"column":137},"end":{"line":23,"column":39926}}],"line":23}},"s":{"0":1,"1":1,"2":0,"3":0,"4":0,"5":0,"6":0,"7":1,"8":0,"9":0},"f":{"0":0,"1":0},"b":{"0":[0,0],"1":[0,0]},"_coverageSchema":"1a1c01bbd47fc00a2c39e90264f33305004495a9","hash":"6dd36a1157f1717d0552fdcdc49a38aaaf868cc5"}
,"/Users/a..../Documents/Capstone-Project/skills-assess-backend/controllers/assessmentReportController.js": {"path":"/Users/a..../Documents/Capstone-Project/skills-assess-backend/controllers/assessmentReportController.js","statementMap":{"0":{"start":{"line":3,"column":13},"end":{"line":3,"column":36}},"1":{"start":{"line":5,"column":41},"end":{"line":69,"column":3}},"2":{"start":{"line":6,"column":4},"end":{"line":68,"column":5}},"3":{"start":{"line":8,"column":35},"end":{"line":20,"column":7}},"4":{"start":{"line":22,"column":31},"end":{"line":22,"column":89}},"5":{"start":{"line":24,"column":6},"end":{"line":26,"column":7}},"6":{"start":{"line":25,"column":8},"end":{"line":25,"column":48}},"7":{"start":{"line":28,"column":25},"end":{"line":28,"column":42}},"8":{"start":{"line":29,"column":23},"end":{"line":29,"column":57}},"9":{"start":{"line":32,"column":32},"end":{"line":43,"column":7}},"10":{"start":{"line":45,"column":27},"end":{"line":54,"column":7}},"11":{"start":{"line":56,"column":26},"end":{"line":56,"column":120}},"12":{"start":{"line":58,"column":23},"end":{"line":58,"column":72}},"13":{"start":{"line":60,"column":6},"end":{"line":64,"column":8}},"14":{"start":{"line":66,"column":26},"end":{"line":66,"column":129}},"15":{"start":{"line":67,"column":6},"end":{"line":67,"column":18}},"16":{"start":{"line":73,"column":27},"end":{"line":77,"column":3}},"17":{"start":{"line":74,"column":4},"end":{"line":74,"column":76}},"18":{"start":{"line":74,"column":20},"end":{"line":74,"column":76}},"19":{"start":{"line":75,"column":4},"end":{"line":75,"column":75}},"20":{"start":{"line":75,"column":20},"end":{"line":75,"column":75}},"21":{"start":{"line":76,"column":4},"end":{"line":76,"column":71}},"22":{"start":{"line":79,"column":0},"end":{"line":79,"column":54}},"23":{"start":{"line":86,"column":85},"end":{"line":86,"column":39938}},"24":{"start":{"line":86,"column":89},"end":{"line":86,"column":39927}}},"fnMap":{"0":{"name":"(anonymous_0)","decl":{"start":{"line":5,"column":41},"end":{"line":5,"column":42}},"loc":{"start":{"line":5,"column":69},"end":{"line":69,"column":3}},"line":5},"1":{"name":"(anonymous_1)","decl":{"start":{"line":73,"column":27},"end":{"line":73,"column":28}},"loc":{"start":{"line":73,"column":38},"end":{"line":77,"column":3}},"line":73},"2":{"name":"oo_cm","decl":{"start":{"line":86,"column":77},"end":{"line":86,"column":82}},"loc":{"start":{"line":86,"column":84},"end":{"line":86,"column":39939}},"line":86}},"branchMap":{"0":{"loc":{"start":{"line":24,"column":6},"end":{"line":26,"column":7}},"type":"if","locations":[{"start":{"line":24,"column":6},"end":{"line":26,"column":7}},{"start":{},"end":{}}],"line":24},"1":{"loc":{"start":{"line":74,"column":4},"end":{"line":74,"column":76}},"type":"if","locations":[{"start":{"line":74,"column":4},"end":{"line":74,"column":76}},{"start":{},"end":{}}],"line":74},"2":{"loc":{"start":{"line":75,"column":4},"end":{"line":75,"column":75}},"type":"if","locations":[{"start":{"line":75,"column":4},"end":{"line":75,"column":75}},{"start":{},"end":{}}],"line":75},"3":{"loc":{"start":{"line":86,"column":96},"end":{"line":86,"column":39926}},"type":"binary-expr","locations":[{"start":{"line":86,"column":96},"end":{"line":86,"column":133}},{"start":{"line":86,"column":137},"end":{"line":86,"column":39926}}],"line":86}},"s":{"0":1,"1":1,"2":0,"3":0,"4":0,"5":0,"6":0,"7":0,"8":0,"9":0,"10":0,"11":0,"12":0,"13":0,"14":0,"15":0,"16":1,"17":0,"18":0,"19":0,"20":0,"21":0,"22":1,"23":0,"24":0},"f":{"0":0,"1":0,"2":0},"b":{"0":[0,0],"1":[0,0],"2":[0,0],"3":[0,0]},"_coverageSchema":"1a1c01bbd47fc00a2c39e90264f33305004495a9","hash":"31b91f673ca424469ebbc2745adbba6e1edf1f25"}
,"/Users/a..../Documents/Capstone-Project/skills-assess-backend/middleware/auth.js": {"path":"/Users/a..../Documents/Capstone-Project/skills-assess-backend/middleware/auth.js","statementMap":{"0":{"start":{"line":2,"column":12},"end":{"line":2,"column":35}},"1":{"start":{"line":4,"column":0},"end":{"line":32,"column":2}},"2":{"start":{"line":6,"column":21},"end":{"line":6,"column":48}},"3":{"start":{"line":7,"column":16},"end":{"line":7,"column":88}},"4":{"start":{"line":10,"column":2},"end":{"line":12,"column":3}},"5":{"start":{"line":11,"column":4},"end":{"line":11,"column":79}},"6":{"start":{"line":14,"column":2},"end":{"line":31,"column":3}},"7":{"start":{"line":16,"column":19},"end":{"line":16,"column":62}},"8":{"start":{"line":17,"column":24},"end":{"line":17,"column":121}},"9":{"start":{"line":19,"column":20},"end":{"line":19,"column":45}},"10":{"start":{"line":20,"column":24},"end":{"line":20,"column":143}},"11":{"start":{"line":23,"column":4},"end":{"line":25,"column":6}},"12":{"start":{"line":27,"column":4},"end":{"line":27,"column":11}},"13":{"start":{"line":29,"column":24},"end":{"line":29,"column":118}},"14":{"start":{"line":30,"column":4},"end":{"line":30,"column":60}},"15":{"start":{"line":39,"column":85},"end":{"line":39,"column":39938}},"16":{"start":{"line":39,"column":89},"end":{"line":39,"column":39927}}},"fnMap":{"0":{"name":"(anonymous_0)","decl":{"start":{"line":4,"column":17},"end":{"line":4,"column":18}},"loc":{"start":{"line":4,"column":37},"end":{"line":32,"column":1}},"line":4},"1":{"name":"oo_cm","decl":{"start":{"line":39,"column":77},"end":{"line":39,"column":82}},"loc":{"start":{"line":39,"column":84},"end":{"line":39,"column":39939}},"line":39}},"branchMap":{"0":{"loc":{"start":{"line":7,"column":16},"end":{"line":7,"column":88}},"type":"cond-expr","locations":[{"start":{"line":7,"column":52},"end":{"line":7,"column":75}},{"start":{"line":7,"column":78},"end":{"line":7,"column":88}}],"line":7},"1":{"loc":{"start":{"line":10,"column":2},"end":{"line":12,"column":3}},"type":"if","locations":[{"start":{"line":10,"column":2},"end":{"line":12,"column":3}},{"start":{},"end":{}}],"line":10},"2":{"loc":{"start":{"line":16,"column":19},"end":{"line":16,"column":62}},"type":"binary-expr","locations":[{"start":{"line":16,"column":19},"end":{"line":16,"column":41}},{"start":{"line":16,"column":45},"end":{"line":16,"column":62}}],"line":16},"3":{"loc":{"start":{"line":20,"column":112},"end":{"line":20,"column":140}},"type":"binary-expr","locations":[{"start":{"line":20,"column":112},"end":{"line":20,"column":122}},{"start":{"line":20,"column":126},"end":{"line":20,"column":140}}],"line":20},"4":{"loc":{"start":{"line":24,"column":10},"end":{"line":24,"column":38}},"type":"binary-expr","locations":[{"start":{"line":24,"column":10},"end":{"line":24,"column":20}},{"start":{"line":24,"column":24},"end":{"line":24,"column":38}}],"line":24},"5":{"loc":{"start":{"line":39,"column":96},"end":{"line":39,"column":39926}},"type":"binary-expr","locations":[{"start":{"line":39,"column":96},"end":{"line":39,"column":133}},{"start":{"line":39,"column":137},"end":{"line":39,"column":39926}}],"line":39}},"s":{"0":1,"1":1,"2":0,"3":0,"4":0,"5":0,"6":0,"7":0,"8":0,"9":0,"10":0,"11":0,"12":0,"13":0,"14":0,"15":0,"16":0},"f":{"0":0,"1":0},"b":{"0":[0,0],"1":[0,0],"2":[0,0],"3":[0,0],"4":[0,0],"5":[0,0]},"_coverageSchema":"1a1c01bbd47fc00a2c39e90264f33305004495a9","hash":"f15ef9ea79703f49984739c239309419796a49e2"}
,"/Users/a..../Documents/Capstone-Project/skills-assess-backend/models/AssessmentModel.js": {"path":"/Users/a..../Documents/Capstone-Project/skills-assess-backend/models/AssessmentModel.js","statementMap":{"0":{"start":{"line":1,"column":11},"end":{"line":1,"column":34}},"1":{"start":{"line":5,"column":16},"end":{"line":5,"column":76}},"2":{"start":{"line":6,"column":21},"end":{"line":6,"column":64}},"3":{"start":{"line":7,"column":4},"end":{"line":7,"column":27}},"4":{"start":{"line":11,"column":16},"end":{"line":11,"column":43}},"5":{"start":{"line":12,"column":19},"end":{"line":12,"column":40}},"6":{"start":{"line":13,"column":4},"end":{"line":13,"column":16}},"7":{"start":{"line":17,"column":16},"end":{"line":17,"column":56}},"8":{"start":{"line":18,"column":19},"end":{"line":18,"column":46}},"9":{"start":{"line":19,"column":4},"end":{"line":19,"column":19}},"10":{"start":{"line":23,"column":16},"end":{"line":23,"column":115}},"11":{"start":{"line":24,"column":21},"end":{"line":24,"column":115}},"12":{"start":{"line":25,"column":4},"end":{"line":25,"column":27}},"13":{"start":{"line":29,"column":16},"end":{"line":29,"column":65}},"14":{"start":{"line":30,"column":19},"end":{"line":30,"column":57}},"15":{"start":{"line":31,"column":4},"end":{"line":31,"column":16}},"16":{"start":{"line":36,"column":31},"end":{"line":50,"column":1}},"17":{"start":{"line":37,"column":2},"end":{"line":49,"column":3}},"18":{"start":{"line":38,"column":20},"end":{"line":43,"column":7}},"19":{"start":{"line":44,"column":21},"end":{"line":44,"column":54}},"20":{"start":{"line":45,"column":6},"end":{"line":45,"column":18}},"21":{"start":{"line":47,"column":26},"end":{"line":47,"column":115}},"22":{"start":{"line":48,"column":6},"end":{"line":48,"column":52}},"23":{"start":{"line":52,"column":0},"end":{"line":52,"column":56}},"24":{"start":{"line":54,"column":0},"end":{"line":54,"column":28}},"25":{"start":{"line":61,"column":85},"end":{"line":61,"column":39938}},"26":{"start":{"line":61,"column":89},"end":{"line":61,"column":39927}}},"fnMap":{"0":{"name":"(anonymous_0)","decl":{"start":{"line":4,"column":2},"end":{"line":4,"column":3}},"loc":{"start":{"line":4,"column":52},"end":{"line":8,"column":3}},"line":4},"1":{"name":"(anonymous_1)","decl":{"start":{"line":10,"column":2},"end":{"line":10,"column":3}},"loc":{"start":{"line":10,"column":35},"end":{"line":14,"column":3}},"line":10},"2":{"name":"(anonymous_2)","decl":{"start":{"line":16,"column":2},"end":{"line":16,"column":3}},"loc":{"start":{"line":16,"column":37},"end":{"line":20,"column":3}},"line":16},"3":{"name":"(anonymous_3)","decl":{"start":{"line":22,"column":2},"end":{"line":22,"column":3}},"loc":{"start":{"line":22,"column":82},"end":{"line":26,"column":3}},"line":22},"4":{"name":"(anonymous_4)","decl":{"start":{"line":28,"column":2},"end":{"line":28,"column":3}},"loc":{"start":{"line":28,"column":57},"end":{"line":32,"column":3}},"line":28},"5":{"name":"(anonymous_5)","decl":{"start":{"line":36,"column":31},"end":{"line":36,"column":32}},"loc":{"start":{"line":36,"column":49},"end":{"line":50,"column":1}},"line":36},"6":{"name":"oo_cm","decl":{"start":{"line":61,"column":77},"end":{"line":61,"column":82}},"loc":{"start":{"line":61,"column":84},"end":{"line":61,"column":39939}},"line":61}},"branchMap":{"0":{"loc":{"start":{"line":61,"column":96},"end":{"line":61,"column":39926}},"type":"binary-expr","locations":[{"start":{"line":61,"column":96},"end":{"line":61,"column":133}},{"start":{"line":61,"column":137},"end":{"line":61,"column":39926}}],"line":61}},"s":{"0":1,"1":0,"2":0,"3":0,"4":0,"5":0,"6":0,"7":0,"8":0,"9":0,"10":0,"11":0,"12":0,"13":0,"14":0,"15":0,"16":1,"17":0,"18":0,"19":0,"20":0,"21":0,"22":0,"23":1,"24":1,"25":0,"26":0},"f":{"0":0,"1":0,"2":0,"3":0,"4":0,"5":0,"6":0},"b":{"0":[0,0]},"_coverageSchema":"1a1c01bbd47fc00a2c39e90264f33305004495a9","hash":"b2ec546d29950afc500f9ac7a8192e535db4e1bf"}
,"/Users/a..../Documents/Capstone-Project/skills-assess-backend/models/UserModel.js": {"path":"/Users/a..../Documents/Capstone-Project/skills-assess-backend/models/UserModel.js","statementMap":{"0":{"start":{"line":2,"column":11},"end":{"line":2,"column":34}},"1":{"start":{"line":6,"column":16},"end":{"line":6,"column":76}},"2":{"start":{"line":7,"column":21},"end":{"line":7,"column":67}},"3":{"start":{"line":8,"column":4},"end":{"line":8,"column":18}},"4":{"start":{"line":12,"column":16},"end":{"line":12,"column":53}},"5":{"start":{"line":13,"column":19},"end":{"line":13,"column":49}},"6":{"start":{"line":14,"column":4},"end":{"line":14,"column":19}},"7":{"start":{"line":18,"column":0},"end":{"line":18,"column":22}}},"fnMap":{"0":{"name":"(anonymous_0)","decl":{"start":{"line":5,"column":2},"end":{"line":5,"column":3}},"loc":{"start":{"line":5,"column":49},"end":{"line":9,"column":3}},"line":5},"1":{"name":"(anonymous_1)","decl":{"start":{"line":11,"column":2},"end":{"line":11,"column":3}},"loc":{"start":{"line":11,"column":38},"end":{"line":15,"column":3}},"line":11}},"branchMap":{},"s":{"0":1,"1":0,"2":0,"3":0,"4":0,"5":0,"6":0,"7":1},"f":{"0":0,"1":0},"b":{},"_coverageSchema":"1a1c01bbd47fc00a2c39e90264f33305004495a9","hash":"faaaf098a0e0d334675493586937d5037eddd486"}
,"/Users/a..../Documents/Capstone-Project/skills-assess-backend/routes/ProfileRoutes.js": {"path":"/Users/a..../Documents/Capstone-Project/skills-assess-backend/routes/ProfileRoutes.js","statementMap":{"0":{"start":{"line":1,"column":16},"end":{"line":1,"column":34}},"1":{"start":{"line":2,"column":15},"end":{"line":2,"column":31}},"2":{"start":{"line":3,"column":15},"end":{"line":3,"column":32}},"3":{"start":{"line":4,"column":13},"end":{"line":4,"column":28}},"4":{"start":{"line":5,"column":14},"end":{"line":5,"column":39}},"5":{"start":{"line":8,"column":13},"end":{"line":16,"column":2}},"6":{"start":{"line":19,"column":16},"end":{"line":26,"column":4}},"7":{"start":{"line":21,"column":6},"end":{"line":21,"column":27}},"8":{"start":{"line":24,"column":6},"end":{"line":24,"column":81}},"9":{"start":{"line":28,"column":17},"end":{"line":28,"column":36}},"10":{"start":{"line":31,"column":2},"end":{"line":31,"column":77}},"11":{"start":{"line":34,"column":2},"end":{"line":49,"column":5}},"12":{"start":{"line":35,"column":4},"end":{"line":48,"column":5}},"13":{"start":{"line":36,"column":6},"end":{"line":38,"column":7}},"14":{"start":{"line":37,"column":8},"end":{"line":37,"column":76}},"15":{"start":{"line":40,"column":29},"end":{"line":40,"column":62}},"16":{"start":{"line":42,"column":6},"end":{"line":42,"column":107}},"17":{"start":{"line":44,"column":6},"end":{"line":44,"column":71}},"18":{"start":{"line":46,"column":26},"end":{"line":46,"column":119}},"19":{"start":{"line":47,"column":6},"end":{"line":47,"column":78}},"20":{"start":{"line":52,"column":0},"end":{"line":89,"column":3}},"21":{"start":{"line":53,"column":4},"end":{"line":88,"column":5}},"22":{"start":{"line":55,"column":8},"end":{"line":58,"column":9}},"23":{"start":{"line":56,"column":32},"end":{"line":56,"column":126}},"24":{"start":{"line":57,"column":12},"end":{"line":57,"column":80}},"25":{"start":{"line":61,"column":24},"end":{"line":64,"column":9}},"26":{"start":{"line":66,"column":8},"end":{"line":68,"column":9}},"27":{"start":{"line":67,"column":12},"end":{"line":67,"column":71}},"28":{"start":{"line":70,"column":21},"end":{"line":70,"column":29}},"29":{"start":{"line":73,"column":25},"end":{"line":79,"column":9}},"30":{"start":{"line":82,"column":8},"end":{"line":82,"column":54}},"31":{"start":{"line":82,"column":42},"end":{"line":82,"column":52}},"32":{"start":{"line":84,"column":8},"end":{"line":84,"column":23}},"33":{"start":{"line":86,"column":28},"end":{"line":86,"column":112}},"34":{"start":{"line":87,"column":8},"end":{"line":87,"column":80}},"35":{"start":{"line":92,"column":0},"end":{"line":218,"column":3}},"36":{"start":{"line":93,"column":24},"end":{"line":93,"column":107}},"37":{"start":{"line":94,"column":24},"end":{"line":94,"column":110}},"38":{"start":{"line":95,"column":24},"end":{"line":95,"column":107}},"39":{"start":{"line":97,"column":4},"end":{"line":217,"column":5}},"40":{"start":{"line":98,"column":8},"end":{"line":100,"column":9}},"41":{"start":{"line":99,"column":12},"end":{"line":99,"column":80}},"42":{"start":{"line":102,"column":62},"end":{"line":102,"column":70}},"43":{"start":{"line":105,"column":8},"end":{"line":110,"column":9}},"44":{"start":{"line":106,"column":31},"end":{"line":106,"column":59}},"45":{"start":{"line":107,"column":12},"end":{"line":109,"column":13}},"46":{"start":{"line":108,"column":16},"end":{"line":108,"column":81}},"47":{"start":{"line":113,"column":27},"end":{"line":113,"column":53}},"48":{"start":{"line":114,"column":8},"end":{"line":114,"column":44}},"49":{"start":{"line":116,"column":8},"end":{"line":213,"column":9}},"50":{"start":{"line":118,"column":33},"end":{"line":118,"column":35}},"51":{"start":{"line":119,"column":33},"end":{"line":119,"column":35}},"52":{"start":{"line":121,"column":12},"end":{"line":124,"column":13}},"53":{"start":{"line":122,"column":16},"end":{"line":122,"column":46}},"54":{"start":{"line":123,"column":16},"end":{"line":123,"column":40}},"55":{"start":{"line":125,"column":12},"end":{"line":128,"column":13}},"56":{"start":{"line":126,"column":16},"end":{"line":126,"column":47}},"57":{"start":{"line":127,"column":16},"end":{"line":127,"column":41}},"58":{"start":{"line":129,"column":12},"end":{"line":132,"column":13}},"59":{"start":{"line":130,"column":16},"end":{"line":130,"column":45}},"60":{"start":{"line":131,"column":16},"end":{"line":131,"column":39}},"61":{"start":{"line":133,"column":12},"end":{"line":136,"column":13}},"62":{"start":{"line":134,"column":16},"end":{"line":134,"column":57}},"63":{"start":{"line":135,"column":16},"end":{"line":135,"column":51}},"64":{"start":{"line":139,"column":12},"end":{"line":143,"column":13}},"65":{"start":{"line":140,"column":30},"end":{"line":140,"column":88}},"66":{"start":{"line":141,"column":16},"end":{"line":141,"column":47}},"67":{"start":{"line":142,"column":16},"end":{"line":142,"column":60}},"68":{"start":{"line":146,"column":12},"end":{"line":178,"column":13}},"69":{"start":{"line":148,"column":16},"end":{"line":151,"column":18}},"70":{"start":{"line":154,"column":16},"end":{"line":177,"column":17}},"71":{"start":{"line":156,"column":45},"end":{"line":159,"column":21}},"72":{"start":{"line":162,"column":20},"end":{"line":170,"column":21}},"73":{"start":{"line":163,"column":41},"end":{"line":166,"column":25}},"74":{"start":{"line":167,"column":24},"end":{"line":167,"column":50}},"75":{"start":{"line":169,"column":24},"end":{"line":169,"column":55}},"76":{"start":{"line":173,"column":20},"end":{"line":176,"column":22}},"77":{"start":{"line":181,"column":28},"end":{"line":184,"column":13}},"78":{"start":{"line":186,"column":12},"end":{"line":189,"column":13}},"79":{"start":{"line":187,"column":16},"end":{"line":187,"column":44}},"80":{"start":{"line":188,"column":16},"end":{"line":188,"column":75}},"81":{"start":{"line":191,"column":25},"end":{"line":191,"column":33}},"82":{"start":{"line":194,"column":36},"end":{"line":200,"column":13}},"83":{"start":{"line":203,"column":12},"end":{"line":203,"column":65}},"84":{"start":{"line":203,"column":53},"end":{"line":203,"column":63}},"85":{"start":{"line":205,"column":12},"end":{"line":205,"column":38}},"86":{"start":{"line":206,"column":12},"end":{"line":206,"column":27}},"87":{"start":{"line":209,"column":12},"end":{"line":209,"column":40}},"88":{"start":{"line":210,"column":12},"end":{"line":210,"column":24}},"89":{"start":{"line":212,"column":12},"end":{"line":212,"column":33}},"90":{"start":{"line":215,"column":28},"end":{"line":215,"column":114}},"91":{"start":{"line":216,"column":8},"end":{"line":216,"column":80}},"92":{"start":{"line":220,"column":0},"end":{"line":220,"column":24}},"93":{"start":{"line":227,"column":85},"end":{"line":227,"column":39938}},"94":{"start":{"line":227,"column":89},"end":{"line":227,"column":39927}}},"fnMap":{"0":{"name":"(anonymous_0)","decl":{"start":{"line":20,"column":17},"end":{"line":20,"column":18}},"loc":{"start":{"line":20,"column":36},"end":{"line":22,"column":5}},"line":20},"1":{"name":"(anonymous_1)","decl":{"start":{"line":23,"column":14},"end":{"line":23,"column":15}},"loc":{"start":{"line":23,"column":33},"end":{"line":25,"column":5}},"line":23},"2":{"name":"(anonymous_2)","decl":{"start":{"line":34,"column":70},"end":{"line":34,"column":71}},"loc":{"start":{"line":34,"column":90},"end":{"line":49,"column":3}},"line":34},"3":{"name":"(anonymous_3)","decl":{"start":{"line":52,"column":27},"end":{"line":52,"column":28}},"loc":{"start":{"line":52,"column":47},"end":{"line":89,"column":1}},"line":52},"4":{"name":"(anonymous_4)","decl":{"start":{"line":82,"column":33},"end":{"line":82,"column":34}},"loc":{"start":{"line":82,"column":42},"end":{"line":82,"column":52}},"line":82},"5":{"name":"(anonymous_5)","decl":{"start":{"line":92,"column":34},"end":{"line":92,"column":35}},"loc":{"start":{"line":92,"column":54},"end":{"line":218,"column":1}},"line":92},"6":{"name":"(anonymous_6)","decl":{"start":{"line":203,"column":44},"end":{"line":203,"column":45}},"loc":{"start":{"line":203,"column":53},"end":{"line":203,"column":63}},"line":203},"7":{"name":"oo_cm","decl":{"start":{"line":227,"column":77},"end":{"line":227,"column":82}},"loc":{"start":{"line":227,"column":84},"end":{"line":227,"column":39939}},"line":227}},"branchMap":{"0":{"loc":{"start":{"line":36,"column":6},"end":{"line":38,"column":7}},"type":"if","locations":[{"start":{"line":36,"column":6},"end":{"line":38,"column":7}},{"start":{},"end":{}}],"line":36},"1":{"loc":{"start":{"line":36,"column":10},"end":{"line":36,"column":35}},"type":"binary-expr","locations":[{"start":{"line":36,"column":10},"end":{"line":36,"column":19}},{"start":{"line":36,"column":23},"end":{"line":36,"column":35}}],"line":36},"2":{"loc":{"start":{"line":55,"column":8},"end":{"line":58,"column":9}},"type":"if","locations":[{"start":{"line":55,"column":8},"end":{"line":58,"column":9}},{"start":{},"end":{}}],"line":55},"3":{"loc":{"start":{"line":55,"column":12},"end":{"line":55,"column":37}},"type":"binary-expr","locations":[{"start":{"line":55,"column":12},"end":{"line":55,"column":21}},{"start":{"line":55,"column":25},"end":{"line":55,"column":37}}],"line":55},"4":{"loc":{"start":{"line":66,"column":8},"end":{"line":68,"column":9}},"type":"if","locations":[{"start":{"line":66,"column":8},"end":{"line":68,"column":9}},{"start":{},"end":{}}],"line":66},"5":{"loc":{"start":{"line":98,"column":8},"end":{"line":100,"column":9}},"type":"if","locations":[{"start":{"line":98,"column":8},"end":{"line":100,"column":9}},{"start":{},"end":{}}],"line":98},"6":{"loc":{"start":{"line":98,"column":12},"end":{"line":98,"column":37}},"type":"binary-expr","locations":[{"start":{"line":98,"column":12},"end":{"line":98,"column":21}},{"start":{"line":98,"column":25},"end":{"line":98,"column":37}}],"line":98},"7":{"loc":{"start":{"line":105,"column":8},"end":{"line":110,"column":9}},"type":"if","locations":[{"start":{"line":105,"column":8},"end":{"line":110,"column":9}},{"start":{},"end":{}}],"line":105},"8":{"loc":{"start":{"line":107,"column":12},"end":{"line":109,"column":13}},"type":"if","locations":[{"start":{"line":107,"column":12},"end":{"line":109,"column":13}},{"start":{},"end":{}}],"line":107},"9":{"loc":{"start":{"line":121,"column":12},"end":{"line":124,"column":13}},"type":"if","locations":[{"start":{"line":121,"column":12},"end":{"line":124,"column":13}},{"start":{},"end":{}}],"line":121},"10":{"loc":{"start":{"line":125,"column":12},"end":{"line":128,"column":13}},"type":"if","locations":[{"start":{"line":125,"column":12},"end":{"line":128,"column":13}},{"start":{},"end":{}}],"line":125},"11":{"loc":{"start":{"line":129,"column":12},"end":{"line":132,"column":13}},"type":"if","locations":[{"start":{"line":129,"column":12},"end":{"line":132,"column":13}},{"start":{},"end":{}}],"line":129},"12":{"loc":{"start":{"line":133,"column":12},"end":{"line":136,"column":13}},"type":"if","locations":[{"start":{"line":133,"column":12},"end":{"line":136,"column":13}},{"start":{},"end":{}}],"line":133},"13":{"loc":{"start":{"line":139,"column":12},"end":{"line":143,"column":13}},"type":"if","locations":[{"start":{"line":139,"column":12},"end":{"line":143,"column":13}},{"start":{},"end":{}}],"line":139},"14":{"loc":{"start":{"line":146,"column":12},"end":{"line":178,"column":13}},"type":"if","locations":[{"start":{"line":146,"column":12},"end":{"line":178,"column":13}},{"start":{},"end":{}}],"line":146},"15":{"loc":{"start":{"line":146,"column":16},"end":{"line":146,"column":47}},"type":"binary-expr","locations":[{"start":{"line":146,"column":16},"end":{"line":146,"column":22}},{"start":{"line":146,"column":26},"end":{"line":146,"column":47}}],"line":146},"16":{"loc":{"start":{"line":162,"column":20},"end":{"line":170,"column":21}},"type":"if","locations":[{"start":{"line":162,"column":20},"end":{"line":170,"column":21}},{"start":{"line":168,"column":27},"end":{"line":170,"column":21}}],"line":162},"17":{"loc":{"start":{"line":186,"column":12},"end":{"line":189,"column":13}},"type":"if","locations":[{"start":{"line":186,"column":12},"end":{"line":189,"column":13}},{"start":{},"end":{}}],"line":186},"18":{"loc":{"start":{"line":227,"column":96},"end":{"line":227,"column":39926}},"type":"binary-expr","locations":[{"start":{"line":227,"column":96},"end":{"line":227,"column":133}},{"start":{"line":227,"column":137},"end":{"line":227,"column":39926}}],"line":227}},"s":{"0":1,"1":1,"2":1,"3":1,"4":1,"5":1,"6":1,"7":0,"8":0,"9":1,"10":1,"11":1,"12":0,"13":0,"14":0,"15":0,"16":0,"17":0,"18":0,"19":0,"20":1,"21":0,"22":0,"23":0,"24":0,"25":0,"26":0,"27":0,"28":0,"29":0,"30":0,"31":0,"32":0,"33":0,"34":0,"35":1,"36":0,"37":0,"38":0,"39":0,"40":0,"41":0,"42":0,"43":0,"44":0,"45":0,"46":0,"47":0,"48":0,"49":0,"50":0,"51":0,"52":0,"53":0,"54":0,"55":0,"56":0,"57":0,"58":0,"59":0,"60":0,"61":0,"62":0,"63":0,"64":0,"65":0,"66":0,"67":0,"68":0,"69":0,"70":0,"71":0,"72":0,"73":0,"74":0,"75":0,"76":0,"77":0,"78":0,"79":0,"80":0,"81":0,"82":0,"83":0,"84":0,"85":0,"86":0,"87":0,"88":0,"89":0,"90":0,"91":0,"92":1,"93":0,"94":0},"f":{"0":0,"1":0,"2":0,"3":0,"4":0,"5":0,"6":0,"7":0},"b":{"0":[0,0],"1":[0,0],"2":[0,0],"3":[0,0],"4":[0,0],"5":[0,0],"6":[0,0],"7":[0,0],"8":[0,0],"9":[0,0],"10":[0,0],"11":[0,0],"12":[0,0],"13":[0,0],"14":[0,0],"15":[0,0],"16":[0,0],"17":[0,0],"18":[0,0]},"_coverageSchema":"1a1c01bbd47fc00a2c39e90264f33305004495a9","hash":"4a63b5ec37ac6b7707c5faaa713c8b6af008d7d4"}
,"/Users/a..../Documents/Capstone-Project/skills-assess-backend/routes/assessmentRoutes.js": {"path":"/Users/a..../Documents/Capstone-Project/skills-assess-backend/routes/assessmentRoutes.js","statementMap":{"0":{"start":{"line":1,"column":16},"end":{"line":1,"column":34}},"1":{"start":{"line":2,"column":15},"end":{"line":2,"column":31}},"2":{"start":{"line":3,"column":19},"end":{"line":3,"column":55}},"3":{"start":{"line":4,"column":13},"end":{"line":4,"column":36}},"4":{"start":{"line":5,"column":30},"end":{"line":5,"column":76}},"5":{"start":{"line":6,"column":45},"end":{"line":6,"column":97}},"6":{"start":{"line":10,"column":0},"end":{"line":10,"column":38}},"7":{"start":{"line":13,"column":0},"end":{"line":22,"column":3}},"8":{"start":{"line":14,"column":35},"end":{"line":14,"column":43}},"9":{"start":{"line":15,"column":4},"end":{"line":21,"column":5}},"10":{"start":{"line":16,"column":29},"end":{"line":16,"column":82}},"11":{"start":{"line":17,"column":8},"end":{"line":17,"column":79}},"12":{"start":{"line":19,"column":28},"end":{"line":19,"column":116}},"13":{"start":{"line":20,"column":8},"end":{"line":20,"column":58}},"14":{"start":{"line":25,"column":0},"end":{"line":33,"column":3}},"15":{"start":{"line":26,"column":4},"end":{"line":32,"column":5}},"16":{"start":{"line":27,"column":28},"end":{"line":27,"column":64}},"17":{"start":{"line":28,"column":8},"end":{"line":28,"column":30}},"18":{"start":{"line":30,"column":28},"end":{"line":30,"column":117}},"19":{"start":{"line":31,"column":8},"end":{"line":31,"column":58}},"20":{"start":{"line":36,"column":0},"end":{"line":45,"column":3}},"21":{"start":{"line":37,"column":19},"end":{"line":37,"column":29}},"22":{"start":{"line":38,"column":4},"end":{"line":44,"column":5}},"23":{"start":{"line":39,"column":26},"end":{"line":39,"column":73}},"24":{"start":{"line":40,"column":8},"end":{"line":40,"column":28}},"25":{"start":{"line":42,"column":28},"end":{"line":42,"column":115}},"26":{"start":{"line":43,"column":8},"end":{"line":43,"column":58}},"27":{"start":{"line":48,"column":0},"end":{"line":59,"column":3}},"28":{"start":{"line":49,"column":19},"end":{"line":49,"column":29}},"29":{"start":{"line":50,"column":55},"end":{"line":50,"column":63}},"30":{"start":{"line":52,"column":4},"end":{"line":58,"column":5}},"31":{"start":{"line":53,"column":27},"end":{"line":53,"column":99}},"32":{"start":{"line":54,"column":8},"end":{"line":54,"column":73}},"33":{"start":{"line":56,"column":28},"end":{"line":56,"column":112}},"34":{"start":{"line":57,"column":8},"end":{"line":57,"column":58}},"35":{"start":{"line":62,"column":0},"end":{"line":89,"column":5}},"36":{"start":{"line":63,"column":4},"end":{"line":88,"column":5}},"37":{"start":{"line":64,"column":21},"end":{"line":64,"column":32}},"38":{"start":{"line":66,"column":20},"end":{"line":78,"column":7}},"39":{"start":{"line":80,"column":25},"end":{"line":80,"column":51}},"40":{"start":{"line":81,"column":28},"end":{"line":81,"column":67}},"41":{"start":{"line":82,"column":6},"end":{"line":82,"column":27}},"42":{"start":{"line":84,"column":6},"end":{"line":84,"column":28}},"43":{"start":{"line":86,"column":26},"end":{"line":86,"column":122}},"44":{"start":{"line":87,"column":6},"end":{"line":87,"column":77}},"45":{"start":{"line":91,"column":0},"end":{"line":122,"column":3}},"46":{"start":{"line":92,"column":29},"end":{"line":92,"column":39}},"47":{"start":{"line":93,"column":30},"end":{"line":93,"column":38}},"48":{"start":{"line":94,"column":24},"end":{"line":94,"column":34}},"49":{"start":{"line":96,"column":4},"end":{"line":121,"column":5}},"50":{"start":{"line":98,"column":36},"end":{"line":101,"column":7}},"51":{"start":{"line":103,"column":24},"end":{"line":103,"column":107}},"52":{"start":{"line":104,"column":31},"end":{"line":104,"column":47}},"53":{"start":{"line":107,"column":27},"end":{"line":107,"column":83}},"54":{"start":{"line":109,"column":6},"end":{"line":116,"column":9}},"55":{"start":{"line":119,"column":26},"end":{"line":119,"column":121}},"56":{"start":{"line":120,"column":6},"end":{"line":120,"column":89}},"57":{"start":{"line":124,"column":0},"end":{"line":124,"column":24}},"58":{"start":{"line":131,"column":85},"end":{"line":131,"column":39938}},"59":{"start":{"line":131,"column":89},"end":{"line":131,"column":39927}}},"fnMap":{"0":{"name":"(anonymous_0)","decl":{"start":{"line":13,"column":23},"end":{"line":13,"column":24}},"loc":{"start":{"line":13,"column":43},"end":{"line":22,"column":1}},"line":13},"1":{"name":"(anonymous_1)","decl":{"start":{"line":25,"column":19},"end":{"line":25,"column":20}},"loc":{"start":{"line":25,"column":39},"end":{"line":33,"column":1}},"line":25},"2":{"name":"(anonymous_2)","decl":{"start":{"line":36,"column":29},"end":{"line":36,"column":30}},"loc":{"start":{"line":36,"column":49},"end":{"line":45,"column":1}},"line":36},"3":{"name":"(anonymous_3)","decl":{"start":{"line":48,"column":33},"end":{"line":48,"column":34}},"loc":{"start":{"line":48,"column":53},"end":{"line":59,"column":1}},"line":48},"4":{"name":"(anonymous_4)","decl":{"start":{"line":62,"column":43},"end":{"line":62,"column":44}},"loc":{"start":{"line":62,"column":63},"end":{"line":89,"column":3}},"line":62},"5":{"name":"(anonymous_5)","decl":{"start":{"line":91,"column":37},"end":{"line":91,"column":38}},"loc":{"start":{"line":91,"column":57},"end":{"line":122,"column":1}},"line":91},"6":{"name":"oo_cm","decl":{"start":{"line":131,"column":77},"end":{"line":131,"column":82}},"loc":{"start":{"line":131,"column":84},"end":{"line":131,"column":39939}},"line":131}},"branchMap":{"0":{"loc":{"start":{"line":131,"column":96},"end":{"line":131,"column":39926}},"type":"binary-expr","locations":[{"start":{"line":131,"column":96},"end":{"line":131,"column":133}},{"start":{"line":131,"column":137},"end":{"line":131,"column":39926}}],"line":131}},"s":{"0":1,"1":1,"2":1,"3":1,"4":1,"5":1,"6":1,"7":1,"8":0,"9":0,"10":0,"11":0,"12":0,"13":0,"14":1,"15":0,"16":0,"17":0,"18":0,"19":0,"20":1,"21":0,"22":0,"23":0,"24":0,"25":0,"26":0,"27":1,"28":0,"29":0,"30":0,"31":0,"32":0,"33":0,"34":0,"35":1,"36":0,"37":0,"38":0,"39":0,"40":0,"41":0,"42":0,"43":0,"44":0,"45":1,"46":0,"47":0,"48":0,"49":0,"50":0,"51":0,"52":0,"53":0,"54":0,"55":0,"56":0,"57":1,"58":0,"59":0},"f":{"0":0,"1":0,"2":0,"3":0,"4":0,"5":0,"6":0},"b":{"0":[0,0]},"_coverageSchema":"1a1c01bbd47fc00a2c39e90264f33305004495a9","hash":"7e990b3d7e996b4f5906d500ad53b247a5499b90"}
,"/Users/a..../Documents/Capstone-Project/skills-assess-backend/routes/auth.js": {"path":"/Users/a..../Documents/Capstone-Project/skills-assess-backend/routes/auth.js","statementMap":{"0":{"start":{"line":1,"column":16},"end":{"line":1,"column":34}},"1":{"start":{"line":2,"column":12},"end":{"line":2,"column":35}},"2":{"start":{"line":3,"column":15},"end":{"line":3,"column":34}},"3":{"start":{"line":4,"column":13},"end":{"line":4,"column":43}},"4":{"start":{"line":5,"column":18},"end":{"line":5,"column":40}},"5":{"start":{"line":6,"column":19},"end":{"line":6,"column":42}},"6":{"start":{"line":7,"column":0},"end":{"line":7,"column":27}},"7":{"start":{"line":9,"column":15},"end":{"line":9,"column":31}},"8":{"start":{"line":12,"column":0},"end":{"line":40,"column":3}},"9":{"start":{"line":13,"column":2},"end":{"line":39,"column":3}},"10":{"start":{"line":14,"column":38},"end":{"line":14,"column":46}},"11":{"start":{"line":16,"column":4},"end":{"line":18,"column":5}},"12":{"start":{"line":17,"column":6},"end":{"line":17,"column":74}},"13":{"start":{"line":20,"column":25},"end":{"line":20,"column":58}},"14":{"start":{"line":21,"column":4},"end":{"line":23,"column":5}},"15":{"start":{"line":22,"column":6},"end":{"line":22,"column":70}},"16":{"start":{"line":25,"column":27},"end":{"line":25,"column":58}},"17":{"start":{"line":26,"column":4},"end":{"line":26,"column":55}},"18":{"start":{"line":28,"column":4},"end":{"line":35,"column":8}},"19":{"start":{"line":37,"column":24},"end":{"line":37,"column":111}},"20":{"start":{"line":38,"column":4},"end":{"line":38,"column":63}},"21":{"start":{"line":44,"column":0},"end":{"line":89,"column":3}},"22":{"start":{"line":45,"column":22},"end":{"line":45,"column":102}},"23":{"start":{"line":46,"column":30},"end":{"line":46,"column":38}},"24":{"start":{"line":48,"column":2},"end":{"line":88,"column":3}},"25":{"start":{"line":49,"column":19},"end":{"line":49,"column":52}},"26":{"start":{"line":50,"column":26},"end":{"line":50,"column":102}},"27":{"start":{"line":52,"column":6},"end":{"line":54,"column":7}},"28":{"start":{"line":53,"column":10},"end":{"line":53,"column":74}},"29":{"start":{"line":56,"column":26},"end":{"line":56,"column":94}},"30":{"start":{"line":57,"column":26},"end":{"line":57,"column":102}},"31":{"start":{"line":58,"column":26},"end":{"line":58,"column":104}},"32":{"start":{"line":60,"column":22},"end":{"line":60,"column":67}},"33":{"start":{"line":61,"column":26},"end":{"line":61,"column":108}},"34":{"start":{"line":63,"column":6},"end":{"line":65,"column":7}},"35":{"start":{"line":64,"column":10},"end":{"line":64,"column":74}},"36":{"start":{"line":67,"column":6},"end":{"line":69,"column":7}},"37":{"start":{"line":68,"column":8},"end":{"line":68,"column":92}},"38":{"start":{"line":72,"column":20},"end":{"line":72,"column":113}},"39":{"start":{"line":75,"column":6},"end":{"line":83,"column":9}},"40":{"start":{"line":86,"column":26},"end":{"line":86,"column":106}},"41":{"start":{"line":87,"column":6},"end":{"line":87,"column":56}},"42":{"start":{"line":92,"column":0},"end":{"line":99,"column":3}},"43":{"start":{"line":93,"column":4},"end":{"line":98,"column":5}},"44":{"start":{"line":94,"column":21},"end":{"line":94,"column":63}},"45":{"start":{"line":95,"column":8},"end":{"line":95,"column":23}},"46":{"start":{"line":97,"column":8},"end":{"line":97,"column":57}},"47":{"start":{"line":104,"column":16},"end":{"line":104,"column":43}},"48":{"start":{"line":105,"column":2},"end":{"line":105,"column":72}},"49":{"start":{"line":105,"column":14},"end":{"line":105,"column":72}},"50":{"start":{"line":107,"column":2},"end":{"line":113,"column":3}},"51":{"start":{"line":108,"column":21},"end":{"line":108,"column":76}},"52":{"start":{"line":109,"column":4},"end":{"line":109,"column":24}},"53":{"start":{"line":110,"column":4},"end":{"line":110,"column":11}},"54":{"start":{"line":112,"column":4},"end":{"line":112,"column":55}},"55":{"start":{"line":116,"column":0},"end":{"line":116,"column":24}},"56":{"start":{"line":123,"column":85},"end":{"line":123,"column":39938}},"57":{"start":{"line":123,"column":89},"end":{"line":123,"column":39927}}},"fnMap":{"0":{"name":"(anonymous_0)","decl":{"start":{"line":12,"column":25},"end":{"line":12,"column":26}},"loc":{"start":{"line":12,"column":45},"end":{"line":40,"column":1}},"line":12},"1":{"name":"(anonymous_1)","decl":{"start":{"line":44,"column":22},"end":{"line":44,"column":23}},"loc":{"start":{"line":44,"column":42},"end":{"line":89,"column":1}},"line":44},"2":{"name":"(anonymous_2)","decl":{"start":{"line":92,"column":36},"end":{"line":92,"column":37}},"loc":{"start":{"line":92,"column":56},"end":{"line":99,"column":1}},"line":92},"3":{"name":"verifyToken","decl":{"start":{"line":103,"column":9},"end":{"line":103,"column":20}},"loc":{"start":{"line":103,"column":37},"end":{"line":114,"column":1}},"line":103},"4":{"name":"oo_cm","decl":{"start":{"line":123,"column":77},"end":{"line":123,"column":82}},"loc":{"start":{"line":123,"column":84},"end":{"line":123,"column":39939}},"line":123}},"branchMap":{"0":{"loc":{"start":{"line":16,"column":4},"end":{"line":18,"column":5}},"type":"if","locations":[{"start":{"line":16,"column":4},"end":{"line":18,"column":5}},{"start":{},"end":{}}],"line":16},"1":{"loc":{"start":{"line":16,"column":8},"end":{"line":16,"column":36}},"type":"binary-expr","locations":[{"start":{"line":16,"column":8},"end":{"line":16,"column":13}},{"start":{"line":16,"column":17},"end":{"line":16,"column":23}},{"start":{"line":16,"column":27},"end":{"line":16,"column":36}}],"line":16},"2":{"loc":{"start":{"line":21,"column":4},"end":{"line":23,"column":5}},"type":"if","locations":[{"start":{"line":21,"column":4},"end":{"line":23,"column":5}},{"start":{},"end":{}}],"line":21},"3":{"loc":{"start":{"line":52,"column":6},"end":{"line":54,"column":7}},"type":"if","locations":[{"start":{"line":52,"column":6},"end":{"line":54,"column":7}},{"start":{},"end":{}}],"line":52},"4":{"loc":{"start":{"line":63,"column":6},"end":{"line":65,"column":7}},"type":"if","locations":[{"start":{"line":63,"column":6},"end":{"line":65,"column":7}},{"start":{},"end":{}}],"line":63},"5":{"loc":{"start":{"line":67,"column":6},"end":{"line":69,"column":7}},"type":"if","locations":[{"start":{"line":67,"column":6},"end":{"line":69,"column":7}},{"start":{},"end":{}}],"line":67},"6":{"loc":{"start":{"line":105,"column":2},"end":{"line":105,"column":72}},"type":"if","locations":[{"start":{"line":105,"column":2},"end":{"line":105,"column":72}},{"start":{},"end":{}}],"line":105},"7":{"loc":{"start":{"line":123,"column":96},"end":{"line":123,"column":39926}},"type":"binary-expr","locations":[{"start":{"line":123,"column":96},"end":{"line":123,"column":133}},{"start":{"line":123,"column":137},"end":{"line":123,"column":39926}}],"line":123}},"s":{"0":1,"1":1,"2":1,"3":1,"4":1,"5":1,"6":1,"7":1,"8":1,"9":0,"10":0,"11":0,"12":0,"13":0,"14":0,"15":0,"16":0,"17":0,"18":0,"19":0,"20":0,"21":1,"22":0,"23":0,"24":0,"25":0,"26":0,"27":0,"28":0,"29":0,"30":0,"31":0,"32":0,"33":0,"34":0,"35":0,"36":0,"37":0,"38":0,"39":0,"40":0,"41":0,"42":1,"43":0,"44":0,"45":0,"46":0,"47":0,"48":0,"49":0,"50":0,"51":0,"52":0,"53":0,"54":0,"55":1,"56":0,"57":0},"f":{"0":0,"1":0,"2":0,"3":0,"4":0},"b":{"0":[0,0],"1":[0,0,0],"2":[0,0],"3":[0,0],"4":[0,0],"5":[0,0],"6":[0,0],"7":[0,0]},"_coverageSchema":"1a1c01bbd47fc00a2c39e90264f33305004495a9","hash":"5ea8b7c3033ed6da7d078936a44cae9ab36428c2"}
,"/Users/a..../Documents/Capstone-Project/skills-assess-backend/routes/blog.js": {"path":"/Users/a..../Documents/Capstone-Project/skills-assess-backend/routes/blog.js","statementMap":{"0":{"start":{"line":1,"column":16},"end":{"line":1,"column":34}},"1":{"start":{"line":2,"column":15},"end":{"line":2,"column":31}},"2":{"start":{"line":3,"column":19},"end":{"line":3,"column":42}},"3":{"start":{"line":6,"column":0},"end":{"line":15,"column":3}},"4":{"start":{"line":7,"column":2},"end":{"line":14,"column":3}},"5":{"start":{"line":8,"column":19},"end":{"line":8,"column":88}},"6":{"start":{"line":9,"column":24},"end":{"line":9,"column":99}},"7":{"start":{"line":10,"column":4},"end":{"line":10,"column":19}},"8":{"start":{"line":12,"column":24},"end":{"line":12,"column":110}},"9":{"start":{"line":13,"column":4},"end":{"line":13,"column":52}},"10":{"start":{"line":18,"column":0},"end":{"line":30,"column":3}},"11":{"start":{"line":19,"column":2},"end":{"line":29,"column":3}},"12":{"start":{"line":20,"column":25},"end":{"line":20,"column":35}},"13":{"start":{"line":21,"column":19},"end":{"line":24,"column":5}},"14":{"start":{"line":25,"column":4},"end":{"line":25,"column":19}},"15":{"start":{"line":27,"column":24},"end":{"line":27,"column":122}},"16":{"start":{"line":28,"column":4},"end":{"line":28,"column":52}},"17":{"start":{"line":33,"column":0},"end":{"line":43,"column":3}},"18":{"start":{"line":34,"column":2},"end":{"line":42,"column":3}},"19":{"start":{"line":35,"column":19},"end":{"line":37,"column":5}},"20":{"start":{"line":38,"column":4},"end":{"line":38,"column":19}},"21":{"start":{"line":40,"column":24},"end":{"line":40,"column":119}},"22":{"start":{"line":41,"column":4},"end":{"line":41,"column":52}},"23":{"start":{"line":46,"column":0},"end":{"line":70,"column":3}},"24":{"start":{"line":47,"column":2},"end":{"line":69,"column":3}},"25":{"start":{"line":48,"column":22},"end":{"line":48,"column":31}},"26":{"start":{"line":50,"column":4},"end":{"line":52,"column":5}},"27":{"start":{"line":51,"column":6},"end":{"line":51,"column":73}},"28":{"start":{"line":54,"column":23},"end":{"line":54,"column":35}},"29":{"start":{"line":55,"column":19},"end":{"line":63,"column":5}},"30":{"start":{"line":65,"column":4},"end":{"line":65,"column":19}},"31":{"start":{"line":67,"column":24},"end":{"line":67,"column":111}},"32":{"start":{"line":68,"column":4},"end":{"line":68,"column":52}},"33":{"start":{"line":73,"column":0},"end":{"line":90,"column":3}},"34":{"start":{"line":74,"column":2},"end":{"line":89,"column":3}},"35":{"start":{"line":75,"column":19},"end":{"line":78,"column":5}},"36":{"start":{"line":80,"column":4},"end":{"line":83,"column":5}},"37":{"start":{"line":81,"column":26},"end":{"line":81,"column":120}},"38":{"start":{"line":82,"column":6},"end":{"line":82,"column":68}},"39":{"start":{"line":85,"column":4},"end":{"line":85,"column":22}},"40":{"start":{"line":87,"column":24},"end":{"line":87,"column":109}},"41":{"start":{"line":88,"column":4},"end":{"line":88,"column":52}},"42":{"start":{"line":93,"column":0},"end":{"line":112,"column":3}},"43":{"start":{"line":94,"column":20},"end":{"line":94,"column":28}},"44":{"start":{"line":97,"column":2},"end":{"line":111,"column":3}},"45":{"start":{"line":98,"column":28},"end":{"line":98,"column":115}},"46":{"start":{"line":100,"column":4},"end":{"line":102,"column":5}},"47":{"start":{"line":101,"column":6},"end":{"line":101,"column":78}},"48":{"start":{"line":105,"column":4},"end":{"line":105,"column":93}},"49":{"start":{"line":107,"column":4},"end":{"line":107,"column":66}},"50":{"start":{"line":109,"column":24},"end":{"line":109,"column":118}},"51":{"start":{"line":110,"column":4},"end":{"line":110,"column":86}},"52":{"start":{"line":114,"column":0},"end":{"line":114,"column":24}},"53":{"start":{"line":121,"column":85},"end":{"line":121,"column":39938}},"54":{"start":{"line":121,"column":89},"end":{"line":121,"column":39927}}},"fnMap":{"0":{"name":"(anonymous_0)","decl":{"start":{"line":6,"column":30},"end":{"line":6,"column":31}},"loc":{"start":{"line":6,"column":50},"end":{"line":15,"column":1}},"line":6},"1":{"name":"(anonymous_1)","decl":{"start":{"line":18,"column":49},"end":{"line":18,"column":50}},"loc":{"start":{"line":18,"column":69},"end":{"line":30,"column":1}},"line":18},"2":{"name":"(anonymous_2)","decl":{"start":{"line":33,"column":39},"end":{"line":33,"column":40}},"loc":{"start":{"line":33,"column":59},"end":{"line":43,"column":1}},"line":33},"3":{"name":"(anonymous_3)","decl":{"start":{"line":46,"column":37},"end":{"line":46,"column":38}},"loc":{"start":{"line":46,"column":57},"end":{"line":70,"column":1}},"line":46},"4":{"name":"(anonymous_4)","decl":{"start":{"line":73,"column":34},"end":{"line":73,"column":35}},"loc":{"start":{"line":73,"column":54},"end":{"line":90,"column":1}},"line":73},"5":{"name":"(anonymous_5)","decl":{"start":{"line":93,"column":41},"end":{"line":93,"column":42}},"loc":{"start":{"line":93,"column":61},"end":{"line":112,"column":1}},"line":93},"6":{"name":"oo_cm","decl":{"start":{"line":121,"column":77},"end":{"line":121,"column":82}},"loc":{"start":{"line":121,"column":84},"end":{"line":121,"column":39939}},"line":121}},"branchMap":{"0":{"loc":{"start":{"line":50,"column":4},"end":{"line":52,"column":5}},"type":"if","locations":[{"start":{"line":50,"column":4},"end":{"line":52,"column":5}},{"start":{},"end":{}}],"line":50},"1":{"loc":{"start":{"line":80,"column":4},"end":{"line":83,"column":5}},"type":"if","locations":[{"start":{"line":80,"column":4},"end":{"line":83,"column":5}},{"start":{},"end":{}}],"line":80},"2":{"loc":{"start":{"line":100,"column":4},"end":{"line":102,"column":5}},"type":"if","locations":[{"start":{"line":100,"column":4},"end":{"line":102,"column":5}},{"start":{},"end":{}}],"line":100},"3":{"loc":{"start":{"line":121,"column":96},"end":{"line":121,"column":39926}},"type":"binary-expr","locations":[{"start":{"line":121,"column":96},"end":{"line":121,"column":133}},{"start":{"line":121,"column":137},"end":{"line":121,"column":39926}}],"line":121}},"s":{"0":1,"1":1,"2":1,"3":1,"4":0,"5":0,"6":0,"7":0,"8":0,"9":0,"10":1,"11":0,"12":0,"13":0,"14":0,"15":0,"16":0,"17":1,"18":0,"19":0,"20":0,"21":0,"22":0,"23":1,"24":0,"25":0,"26":0,"27":0,"28":0,"29":0,"30":0,"31":0,"32":0,"33":1,"34":0,"35":0,"36":0,"37":0,"38":0,"39":0,"40":0,"41":0,"42":1,"43":0,"44":0,"45":0,"46":0,"47":0,"48":0,"49":0,"50":0,"51":0,"52":1,"53":0,"54":0},"f":{"0":0,"1":0,"2":0,"3":0,"4":0,"5":0,"6":0},"b":{"0":[0,0],"1":[0,0],"2":[0,0],"3":[0,0]},"_coverageSchema":"1a1c01bbd47fc00a2c39e90264f33305004495a9","hash":"82b825e7eab8464ab401f1a2051a7ebae30ad4ce"}
,"/Users/a..../Documents/Capstone-Project/skills-assess-backend/routes/skills.js": {"path":"/Users/a..../Documents/Capstone-Project/skills-assess-backend/routes/skills.js","statementMap":{"0":{"start":{"line":1,"column":16},"end":{"line":1,"column":34}},"1":{"start":{"line":2,"column":15},"end":{"line":2,"column":31}},"2":{"start":{"line":3,"column":14},"end":{"line":3,"column":39}},"3":{"start":{"line":4,"column":13},"end":{"line":4,"column":42}},"4":{"start":{"line":7,"column":13},"end":{"line":12,"column":2}},"5":{"start":{"line":15,"column":0},"end":{"line":86,"column":3}},"6":{"start":{"line":16,"column":2},"end":{"line":85,"column":3}},"7":{"start":{"line":17,"column":17},"end":{"line":17,"column":46}},"8":{"start":{"line":18,"column":18},"end":{"line":18,"column":48}},"9":{"start":{"line":19,"column":19},"end":{"line":19,"column":37}},"10":{"start":{"line":20,"column":21},"end":{"line":20,"column":39}},"11":{"start":{"line":21,"column":19},"end":{"line":21,"column":35}},"12":{"start":{"line":23,"column":16},"end":{"line":33,"column":5}},"13":{"start":{"line":35,"column":24},"end":{"line":35,"column":26}},"14":{"start":{"line":38,"column":28},"end":{"line":38,"column":30}},"15":{"start":{"line":39,"column":4},"end":{"line":42,"column":5}},"16":{"start":{"line":40,"column":6},"end":{"line":40,"column":45}},"17":{"start":{"line":41,"column":6},"end":{"line":41,"column":33}},"18":{"start":{"line":43,"column":4},"end":{"line":46,"column":5}},"19":{"start":{"line":44,"column":6},"end":{"line":44,"column":70}},"20":{"start":{"line":45,"column":6},"end":{"line":45,"column":53}},"21":{"start":{"line":48,"column":4},"end":{"line":50,"column":5}},"22":{"start":{"line":49,"column":6},"end":{"line":49,"column":57}},"23":{"start":{"line":53,"column":4},"end":{"line":57,"column":6}},"24":{"start":{"line":58,"column":4},"end":{"line":58,"column":36}},"25":{"start":{"line":61,"column":23},"end":{"line":65,"column":5}},"26":{"start":{"line":67,"column":23},"end":{"line":67,"column":49}},"27":{"start":{"line":68,"column":21},"end":{"line":68,"column":63}},"28":{"start":{"line":69,"column":26},"end":{"line":69,"column":86}},"29":{"start":{"line":70,"column":4},"end":{"line":70,"column":25}},"30":{"start":{"line":72,"column":18},"end":{"line":72,"column":38}},"31":{"start":{"line":73,"column":20},"end":{"line":73,"column":50}},"32":{"start":{"line":75,"column":4},"end":{"line":80,"column":7}},"33":{"start":{"line":83,"column":24},"end":{"line":83,"column":107}},"34":{"start":{"line":84,"column":4},"end":{"line":84,"column":63}},"35":{"start":{"line":89,"column":0},"end":{"line":117,"column":3}},"36":{"start":{"line":90,"column":2},"end":{"line":116,"column":3}},"37":{"start":{"line":91,"column":19},"end":{"line":91,"column":30}},"38":{"start":{"line":93,"column":18},"end":{"line":105,"column":5}},"39":{"start":{"line":107,"column":23},"end":{"line":107,"column":49}},"40":{"start":{"line":108,"column":26},"end":{"line":108,"column":65}},"41":{"start":{"line":109,"column":4},"end":{"line":109,"column":25}},"42":{"start":{"line":111,"column":4},"end":{"line":111,"column":26}},"43":{"start":{"line":114,"column":24},"end":{"line":114,"column":121}},"44":{"start":{"line":115,"column":4},"end":{"line":115,"column":75}},"45":{"start":{"line":120,"column":0},"end":{"line":253,"column":3}},"46":{"start":{"line":121,"column":2},"end":{"line":252,"column":3}},"47":{"start":{"line":122,"column":19},"end":{"line":122,"column":30}},"48":{"start":{"line":123,"column":17},"end":{"line":123,"column":46}},"49":{"start":{"line":124,"column":18},"end":{"line":124,"column":48}},"50":{"start":{"line":125,"column":19},"end":{"line":125,"column":37}},"51":{"start":{"line":127,"column":23},"end":{"line":127,"column":49}},"52":{"start":{"line":130,"column":34},"end":{"line":142,"column":16}},"53":{"start":{"line":144,"column":24},"end":{"line":144,"column":120}},"54":{"start":{"line":147,"column":27},"end":{"line":155,"column":7}},"55":{"start":{"line":147,"column":66},"end":{"line":155,"column":5}},"56":{"start":{"line":158,"column":34},"end":{"line":158,"column":76}},"57":{"start":{"line":160,"column":28},"end":{"line":160,"column":42}},"58":{"start":{"line":163,"column":4},"end":{"line":231,"column":5}},"59":{"start":{"line":165,"column":28},"end":{"line":171,"column":18}},"60":{"start":{"line":174,"column":29},"end":{"line":174,"column":75}},"61":{"start":{"line":174,"column":62},"end":{"line":174,"column":72}},"62":{"start":{"line":175,"column":33},"end":{"line":175,"column":98}},"63":{"start":{"line":178,"column":33},"end":{"line":178,"column":70}},"64":{"start":{"line":178,"column":54},"end":{"line":178,"column":69}},"65":{"start":{"line":180,"column":26},"end":{"line":180,"column":55}},"66":{"start":{"line":180,"column":50},"end":{"line":180,"column":54}},"67":{"start":{"line":181,"column":25},"end":{"line":181,"column":64}},"68":{"start":{"line":182,"column":36},"end":{"line":182,"column":101}},"69":{"start":{"line":182,"column":81},"end":{"line":182,"column":84}},"70":{"start":{"line":185,"column":29},"end":{"line":205,"column":7}},"71":{"start":{"line":198,"column":60},"end":{"line":198,"column":63}},"72":{"start":{"line":201,"column":66},"end":{"line":201,"column":69}},"73":{"start":{"line":208,"column":26},"end":{"line":213,"column":7}},"74":{"start":{"line":215,"column":26},"end":{"line":215,"column":77}},"75":{"start":{"line":218,"column":6},"end":{"line":230,"column":8}},"76":{"start":{"line":220,"column":35},"end":{"line":229,"column":9}},"77":{"start":{"line":234,"column":28},"end":{"line":234,"column":75}},"78":{"start":{"line":237,"column":18},"end":{"line":237,"column":42}},"79":{"start":{"line":238,"column":20},"end":{"line":238,"column":59}},"80":{"start":{"line":240,"column":4},"end":{"line":240,"column":25}},"81":{"start":{"line":242,"column":4},"end":{"line":247,"column":7}},"82":{"start":{"line":250,"column":24},"end":{"line":250,"column":121}},"83":{"start":{"line":251,"column":4},"end":{"line":251,"column":75}},"84":{"start":{"line":256,"column":0},"end":{"line":389,"column":3}},"85":{"start":{"line":257,"column":2},"end":{"line":388,"column":3}},"86":{"start":{"line":258,"column":19},"end":{"line":258,"column":30}},"87":{"start":{"line":259,"column":17},"end":{"line":259,"column":46}},"88":{"start":{"line":260,"column":18},"end":{"line":260,"column":48}},"89":{"start":{"line":261,"column":19},"end":{"line":261,"column":37}},"90":{"start":{"line":263,"column":23},"end":{"line":263,"column":49}},"91":{"start":{"line":266,"column":34},"end":{"line":278,"column":16}},"92":{"start":{"line":280,"column":24},"end":{"line":280,"column":120}},"93":{"start":{"line":283,"column":27},"end":{"line":291,"column":7}},"94":{"start":{"line":283,"column":66},"end":{"line":291,"column":5}},"95":{"start":{"line":294,"column":34},"end":{"line":294,"column":76}},"96":{"start":{"line":296,"column":28},"end":{"line":296,"column":42}},"97":{"start":{"line":299,"column":4},"end":{"line":367,"column":5}},"98":{"start":{"line":301,"column":28},"end":{"line":307,"column":18}},"99":{"start":{"line":310,"column":29},"end":{"line":310,"column":75}},"100":{"start":{"line":310,"column":62},"end":{"line":310,"column":72}},"101":{"start":{"line":311,"column":33},"end":{"line":311,"column":98}},"102":{"start":{"line":314,"column":33},"end":{"line":314,"column":70}},"103":{"start":{"line":314,"column":54},"end":{"line":314,"column":69}},"104":{"start":{"line":316,"column":26},"end":{"line":316,"column":55}},"105":{"start":{"line":316,"column":50},"end":{"line":316,"column":54}},"106":{"start":{"line":317,"column":25},"end":{"line":317,"column":64}},"107":{"start":{"line":318,"column":36},"end":{"line":318,"column":101}},"108":{"start":{"line":318,"column":81},"end":{"line":318,"column":84}},"109":{"start":{"line":321,"column":29},"end":{"line":341,"column":7}},"110":{"start":{"line":334,"column":60},"end":{"line":334,"column":63}},"111":{"start":{"line":337,"column":66},"end":{"line":337,"column":69}},"112":{"start":{"line":344,"column":26},"end":{"line":349,"column":7}},"113":{"start":{"line":351,"column":26},"end":{"line":351,"column":77}},"114":{"start":{"line":354,"column":6},"end":{"line":366,"column":8}},"115":{"start":{"line":356,"column":35},"end":{"line":365,"column":9}},"116":{"start":{"line":370,"column":28},"end":{"line":370,"column":75}},"117":{"start":{"line":373,"column":18},"end":{"line":373,"column":42}},"118":{"start":{"line":374,"column":20},"end":{"line":374,"column":59}},"119":{"start":{"line":376,"column":4},"end":{"line":376,"column":25}},"120":{"start":{"line":378,"column":4},"end":{"line":383,"column":7}},"121":{"start":{"line":386,"column":24},"end":{"line":386,"column":121}},"122":{"start":{"line":387,"column":4},"end":{"line":387,"column":75}},"123":{"start":{"line":391,"column":0},"end":{"line":391,"column":24}},"124":{"start":{"line":398,"column":85},"end":{"line":398,"column":39938}},"125":{"start":{"line":398,"column":89},"end":{"line":398,"column":39927}}},"fnMap":{"0":{"name":"(anonymous_0)","decl":{"start":{"line":15,"column":36},"end":{"line":15,"column":37}},"loc":{"start":{"line":15,"column":56},"end":{"line":86,"column":1}},"line":15},"1":{"name":"(anonymous_1)","decl":{"start":{"line":89,"column":44},"end":{"line":89,"column":45}},"loc":{"start":{"line":89,"column":64},"end":{"line":117,"column":1}},"line":89},"2":{"name":"(anonymous_2)","decl":{"start":{"line":120,"column":40},"end":{"line":120,"column":41}},"loc":{"start":{"line":120,"column":60},"end":{"line":253,"column":1}},"line":120},"3":{"name":"(anonymous_3)","decl":{"start":{"line":147,"column":51},"end":{"line":147,"column":52}},"loc":{"start":{"line":147,"column":66},"end":{"line":155,"column":5}},"line":147},"4":{"name":"(anonymous_4)","decl":{"start":{"line":174,"column":57},"end":{"line":174,"column":58}},"loc":{"start":{"line":174,"column":62},"end":{"line":174,"column":72}},"line":174},"5":{"name":"(anonymous_5)","decl":{"start":{"line":178,"column":49},"end":{"line":178,"column":50}},"loc":{"start":{"line":178,"column":54},"end":{"line":178,"column":69}},"line":178},"6":{"name":"(anonymous_6)","decl":{"start":{"line":180,"column":45},"end":{"line":180,"column":46}},"loc":{"start":{"line":180,"column":50},"end":{"line":180,"column":54}},"line":180},"7":{"name":"(anonymous_7)","decl":{"start":{"line":182,"column":75},"end":{"line":182,"column":76}},"loc":{"start":{"line":182,"column":81},"end":{"line":182,"column":84}},"line":182},"8":{"name":"(anonymous_8)","decl":{"start":{"line":198,"column":54},"end":{"line":198,"column":55}},"loc":{"start":{"line":198,"column":60},"end":{"line":198,"column":63}},"line":198},"9":{"name":"(anonymous_9)","decl":{"start":{"line":201,"column":60},"end":{"line":201,"column":61}},"loc":{"start":{"line":201,"column":66},"end":{"line":201,"column":69}},"line":201},"10":{"name":"(anonymous_10)","decl":{"start":{"line":220,"column":25},"end":{"line":220,"column":26}},"loc":{"start":{"line":220,"column":35},"end":{"line":229,"column":9}},"line":220},"11":{"name":"(anonymous_11)","decl":{"start":{"line":256,"column":40},"end":{"line":256,"column":41}},"loc":{"start":{"line":256,"column":60},"end":{"line":389,"column":1}},"line":256},"12":{"name":"(anonymous_12)","decl":{"start":{"line":283,"column":51},"end":{"line":283,"column":52}},"loc":{"start":{"line":283,"column":66},"end":{"line":291,"column":5}},"line":283},"13":{"name":"(anonymous_13)","decl":{"start":{"line":310,"column":57},"end":{"line":310,"column":58}},"loc":{"start":{"line":310,"column":62},"end":{"line":310,"column":72}},"line":310},"14":{"name":"(anonymous_14)","decl":{"start":{"line":314,"column":49},"end":{"line":314,"column":50}},"loc":{"start":{"line":314,"column":54},"end":{"line":314,"column":69}},"line":314},"15":{"name":"(anonymous_15)","decl":{"start":{"line":316,"column":45},"end":{"line":316,"column":46}},"loc":{"start":{"line":316,"column":50},"end":{"line":316,"column":54}},"line":316},"16":{"name":"(anonymous_16)","decl":{"start":{"line":318,"column":75},"end":{"line":318,"column":76}},"loc":{"start":{"line":318,"column":81},"end":{"line":318,"column":84}},"line":318},"17":{"name":"(anonymous_17)","decl":{"start":{"line":334,"column":54},"end":{"line":334,"column":55}},"loc":{"start":{"line":334,"column":60},"end":{"line":334,"column":63}},"line":334},"18":{"name":"(anonymous_18)","decl":{"start":{"line":337,"column":60},"end":{"line":337,"column":61}},"loc":{"start":{"line":337,"column":66},"end":{"line":337,"column":69}},"line":337},"19":{"name":"(anonymous_19)","decl":{"start":{"line":356,"column":25},"end":{"line":356,"column":26}},"loc":{"start":{"line":356,"column":35},"end":{"line":365,"column":9}},"line":356},"20":{"name":"oo_cm","decl":{"start":{"line":398,"column":77},"end":{"line":398,"column":82}},"loc":{"start":{"line":398,"column":84},"end":{"line":398,"column":39939}},"line":398}},"branchMap":{"0":{"loc":{"start":{"line":17,"column":17},"end":{"line":17,"column":46}},"type":"binary-expr","locations":[{"start":{"line":17,"column":17},"end":{"line":17,"column":41}},{"start":{"line":17,"column":45},"end":{"line":17,"column":46}}],"line":17},"1":{"loc":{"start":{"line":18,"column":18},"end":{"line":18,"column":48}},"type":"binary-expr","locations":[{"start":{"line":18,"column":18},"end":{"line":18,"column":43}},{"start":{"line":18,"column":47},"end":{"line":18,"column":48}}],"line":18},"2":{"loc":{"start":{"line":39,"column":4},"end":{"line":42,"column":5}},"type":"if","locations":[{"start":{"line":39,"column":4},"end":{"line":42,"column":5}},{"start":{},"end":{}}],"line":39},"3":{"loc":{"start":{"line":39,"column":8},"end":{"line":39,"column":38}},"type":"binary-expr","locations":[{"start":{"line":39,"column":8},"end":{"line":39,"column":16}},{"start":{"line":39,"column":20},"end":{"line":39,"column":38}}],"line":39},"4":{"loc":{"start":{"line":43,"column":4},"end":{"line":46,"column":5}},"type":"if","locations":[{"start":{"line":43,"column":4},"end":{"line":46,"column":5}},{"start":{},"end":{}}],"line":43},"5":{"loc":{"start":{"line":48,"column":4},"end":{"line":50,"column":5}},"type":"if","locations":[{"start":{"line":48,"column":4},"end":{"line":50,"column":5}},{"start":{},"end":{}}],"line":48},"6":{"loc":{"start":{"line":64,"column":8},"end":{"line":64,"column":82}},"type":"cond-expr","locations":[{"start":{"line":64,"column":37},"end":{"line":64,"column":77}},{"start":{"line":64,"column":80},"end":{"line":64,"column":82}}],"line":64},"7":{"loc":{"start":{"line":123,"column":17},"end":{"line":123,"column":46}},"type":"binary-expr","locations":[{"start":{"line":123,"column":17},"end":{"line":123,"column":41}},{"start":{"line":123,"column":45},"end":{"line":123,"column":46}}],"line":123},"8":{"loc":{"start":{"line":124,"column":18},"end":{"line":124,"column":48}},"type":"binary-expr","locations":[{"start":{"line":124,"column":18},"end":{"line":124,"column":43}},{"start":{"line":124,"column":47},"end":{"line":124,"column":48}}],"line":124},"9":{"loc":{"start":{"line":163,"column":4},"end":{"line":231,"column":5}},"type":"if","locations":[{"start":{"line":163,"column":4},"end":{"line":231,"column":5}},{"start":{},"end":{}}],"line":163},"10":{"loc":{"start":{"line":175,"column":33},"end":{"line":175,"column":98}},"type":"cond-expr","locations":[{"start":{"line":175,"column":61},"end":{"line":175,"column":75}},{"start":{"line":175,"column":78},"end":{"line":175,"column":98}}],"line":175},"11":{"loc":{"start":{"line":182,"column":36},"end":{"line":182,"column":101}},"type":"cond-expr","locations":[{"start":{"line":182,"column":60},"end":{"line":182,"column":95}},{"start":{"line":182,"column":98},"end":{"line":182,"column":101}}],"line":182},"12":{"loc":{"start":{"line":259,"column":17},"end":{"line":259,"column":46}},"type":"binary-expr","locations":[{"start":{"line":259,"column":17},"end":{"line":259,"column":41}},{"start":{"line":259,"column":45},"end":{"line":259,"column":46}}],"line":259},"13":{"loc":{"start":{"line":260,"column":18},"end":{"line":260,"column":48}},"type":"binary-expr","locations":[{"start":{"line":260,"column":18},"end":{"line":260,"column":43}},{"start":{"line":260,"column":47},"end":{"line":260,"column":48}}],"line":260},"14":{"loc":{"start":{"line":299,"column":4},"end":{"line":367,"column":5}},"type":"if","locations":[{"start":{"line":299,"column":4},"end":{"line":367,"column":5}},{"start":{},"end":{}}],"line":299},"15":{"loc":{"start":{"line":311,"column":33},"end":{"line":311,"column":98}},"type":"cond-expr","locations":[{"start":{"line":311,"column":61},"end":{"line":311,"column":75}},{"start":{"line":311,"column":78},"end":{"line":311,"column":98}}],"line":311},"16":{"loc":{"start":{"line":318,"column":36},"end":{"line":318,"column":101}},"type":"cond-expr","locations":[{"start":{"line":318,"column":60},"end":{"line":318,"column":95}},{"start":{"line":318,"column":98},"end":{"line":318,"column":101}}],"line":318},"17":{"loc":{"start":{"line":398,"column":96},"end":{"line":398,"column":39926}},"type":"binary-expr","locations":[{"start":{"line":398,"column":96},"end":{"line":398,"column":133}},{"start":{"line":398,"column":137},"end":{"line":398,"column":39926}}],"line":398}},"s":{"0":1,"1":1,"2":1,"3":1,"4":1,"5":1,"6":0,"7":0,"8":0,"9":0,"10":0,"11":0,"12":0,"13":0,"14":0,"15":0,"16":0,"17":0,"18":0,"19":0,"20":0,"21":0,"22":0,"23":0,"24":0,"25":0,"26":0,"27":0,"28":0,"29":0,"30":0,"31":0,"32":0,"33":0,"34":0,"35":1,"36":0,"37":0,"38":0,"39":0,"40":0,"41":0,"42":0,"43":0,"44":0,"45":1,"46":0,"47":0,"48":0,"49":0,"50":0,"51":0,"52":0,"53":0,"54":0,"55":0,"56":0,"57":0,"58":0,"59":0,"60":0,"61":0,"62":0,"63":0,"64":0,"65":0,"66":0,"67":0,"68":0,"69":0,"70":0,"71":0,"72":0,"73":0,"74":0,"75":0,"76":0,"77":0,"78":0,"79":0,"80":0,"81":0,"82":0,"83":0,"84":1,"85":0,"86":0,"87":0,"88":0,"89":0,"90":0,"91":0,"92":0,"93":0,"94":0,"95":0,"96":0,"97":0,"98":0,"99":0,"100":0,"101":0,"102":0,"103":0,"104":0,"105":0,"106":0,"107":0,"108":0,"109":0,"110":0,"111":0,"112":0,"113":0,"114":0,"115":0,"116":0,"117":0,"118":0,"119":0,"120":0,"121":0,"122":0,"123":1,"124":0,"125":0},"f":{"0":0,"1":0,"2":0,"3":0,"4":0,"5":0,"6":0,"7":0,"8":0,"9":0,"10":0,"11":0,"12":0,"13":0,"14":0,"15":0,"16":0,"17":0,"18":0,"19":0,"20":0},"b":{"0":[0,0],"1":[0,0],"2":[0,0],"3":[0,0],"4":[0,0],"5":[0,0],"6":[0,0],"7":[0,0],"8":[0,0],"9":[0,0],"10":[0,0],"11":[0,0],"12":[0,0],"13":[0,0],"14":[0,0],"15":[0,0],"16":[0,0],"17":[0,0]},"_coverageSchema":"1a1c01bbd47fc00a2c39e90264f33305004495a9","hash":"15fd90f9bd61b0c5897157d1e1bc2d462910d469"}
,"/Users/a..../Documents/Capstone-Project/skills-assess-backend/routes/userAssessmentRoutes.js": {"path":"/Users/a..../Documents/Capstone-Project/skills-assess-backend/routes/userAssessmentRoutes.js","statementMap":{"0":{"start":{"line":1,"column":16},"end":{"line":1,"column":34}},"1":{"start":{"line":2,"column":15},"end":{"line":2,"column":31}},"2":{"start":{"line":3,"column":13},"end":{"line":3,"column":36}},"3":{"start":{"line":6,"column":0},"end":{"line":48,"column":5}},"4":{"start":{"line":7,"column":19},"end":{"line":7,"column":35}},"5":{"start":{"line":9,"column":4},"end":{"line":47,"column":5}},"6":{"start":{"line":11,"column":20},"end":{"line":25,"column":7}},"7":{"start":{"line":27,"column":24},"end":{"line":27,"column":57}},"8":{"start":{"line":30,"column":26},"end":{"line":30,"column":103}},"9":{"start":{"line":33,"column":31},"end":{"line":40,"column":9}},"10":{"start":{"line":33,"column":51},"end":{"line":40,"column":7}},"11":{"start":{"line":42,"column":26},"end":{"line":42,"column":113}},"12":{"start":{"line":43,"column":6},"end":{"line":43,"column":33}},"13":{"start":{"line":45,"column":26},"end":{"line":45,"column":121}},"14":{"start":{"line":46,"column":6},"end":{"line":46,"column":77}},"15":{"start":{"line":50,"column":0},"end":{"line":90,"column":5}},"16":{"start":{"line":51,"column":25},"end":{"line":51,"column":38}},"17":{"start":{"line":53,"column":4},"end":{"line":89,"column":5}},"18":{"start":{"line":54,"column":20},"end":{"line":66,"column":7}},"19":{"start":{"line":68,"column":23},"end":{"line":68,"column":62}},"20":{"start":{"line":70,"column":6},"end":{"line":72,"column":7}},"21":{"start":{"line":71,"column":8},"end":{"line":71,"column":73}},"22":{"start":{"line":75,"column":28},"end":{"line":83,"column":7}},"23":{"start":{"line":85,"column":6},"end":{"line":85,"column":30}},"24":{"start":{"line":87,"column":26},"end":{"line":87,"column":113}},"25":{"start":{"line":88,"column":6},"end":{"line":88,"column":69}},"26":{"start":{"line":92,"column":0},"end":{"line":92,"column":24}},"27":{"start":{"line":99,"column":85},"end":{"line":99,"column":39938}},"28":{"start":{"line":99,"column":89},"end":{"line":99,"column":39927}}},"fnMap":{"0":{"name":"(anonymous_0)","decl":{"start":{"line":6,"column":23},"end":{"line":6,"column":24}},"loc":{"start":{"line":6,"column":43},"end":{"line":48,"column":3}},"line":6},"1":{"name":"(anonymous_1)","decl":{"start":{"line":33,"column":43},"end":{"line":33,"column":44}},"loc":{"start":{"line":33,"column":51},"end":{"line":40,"column":7}},"line":33},"2":{"name":"(anonymous_2)","decl":{"start":{"line":50,"column":37},"end":{"line":50,"column":38}},"loc":{"start":{"line":50,"column":57},"end":{"line":90,"column":3}},"line":50},"3":{"name":"oo_cm","decl":{"start":{"line":99,"column":77},"end":{"line":99,"column":82}},"loc":{"start":{"line":99,"column":84},"end":{"line":99,"column":39939}},"line":99}},"branchMap":{"0":{"loc":{"start":{"line":70,"column":6},"end":{"line":72,"column":7}},"type":"if","locations":[{"start":{"line":70,"column":6},"end":{"line":72,"column":7}},{"start":{},"end":{}}],"line":70},"1":{"loc":{"start":{"line":99,"column":96},"end":{"line":99,"column":39926}},"type":"binary-expr","locations":[{"start":{"line":99,"column":96},"end":{"line":99,"column":133}},{"start":{"line":99,"column":137},"end":{"line":99,"column":39926}}],"line":99}},"s":{"0":1,"1":1,"2":1,"3":1,"4":0,"5":0,"6":0,"7":0,"8":0,"9":0,"10":0,"11":0,"12":0,"13":0,"14":0,"15":1,"16":0,"17":0,"18":0,"19":0,"20":0,"21":0,"22":0,"23":0,"24":0,"25":0,"26":1,"27":0,"28":0},"f":{"0":0,"1":0,"2":0,"3":0},"b":{"0":[0,0],"1":[0,0]},"_coverageSchema":"1a1c01bbd47fc00a2c39e90264f33305004495a9","hash":"1e8871ed32dfc3183cf69314cd1a008012d8fa4c"}
}
